2024/07/15 09:15:16 [notice] 1#1: using the "epoll" event method
2024/07/15 09:15:16 [notice] 1#1: nginx/1.25.4
2024/07/15 09:15:16 [notice] 1#1: built by gcc 12.2.0 (Debian 12.2.0-14) 
2024/07/15 09:15:16 [notice] 1#1: OS: Linux 5.15.133.1-microsoft-standard-WSL2
2024/07/15 09:15:16 [notice] 1#1: getrlimit(RLIMIT_NOFILE): 1048576:1048576
2024/07/15 09:15:16 [notice] 1#1: start worker processes
2024/07/15 09:15:16 [notice] 1#1: start worker process 20
2024/07/15 09:15:16 [notice] 1#1: start worker process 21
2024/07/15 09:15:16 [notice] 1#1: start worker process 22
2024/07/15 09:15:16 [notice] 1#1: start worker process 23
2024/07/15 09:15:16 [notice] 1#1: start worker process 24
2024/07/15 09:15:16 [notice] 1#1: start worker process 25
2024/07/15 09:15:16 [notice] 1#1: start worker process 26
2024/07/15 09:15:16 [notice] 1#1: start worker process 27
2024/07/15 09:15:16 [notice] 1#1: start worker process 28
2024/07/15 09:15:16 [notice] 1#1: start worker process 29
2024/07/15 09:15:16 [notice] 1#1: start worker process 30
2024/07/15 09:15:16 [notice] 1#1: start worker process 31
2024/07/15 09:15:16 [notice] 1#1: start worker process 32
2024/07/15 09:15:16 [notice] 1#1: start worker process 33
2024/07/15 09:15:16 [notice] 1#1: start worker process 34
2024/07/15 09:15:16 [notice] 1#1: start worker process 35
2024/07/15 09:15:16 [notice] 1#1: start worker process 36
2024/07/15 09:15:16 [notice] 1#1: start worker process 37
2024/07/15 09:15:16 [notice] 1#1: start worker process 38
2024/07/15 09:15:16 [notice] 1#1: start worker process 39
2024/07/15 09:32:32 [notice] 1#1: signal 3 (SIGQUIT) received, shutting down
2024/07/15 09:32:32 [notice] 23#23: gracefully shutting down
2024/07/15 09:32:32 [notice] 27#27: gracefully shutting down
2024/07/15 09:32:32 [notice] 24#24: gracefully shutting down
2024/07/15 09:32:32 [notice] 28#28: gracefully shutting down
2024/07/15 09:32:32 [notice] 25#25: gracefully shutting down
2024/07/15 09:32:32 [notice] 30#30: gracefully shutting down
2024/07/15 09:32:32 [notice] 27#27: exiting
2024/07/15 09:32:32 [notice] 20#20: gracefully shutting down
2024/07/15 09:32:32 [notice] 22#22: gracefully shutting down
2024/07/15 09:32:32 [notice] 26#26: gracefully shutting down
2024/07/15 09:32:32 [notice] 39#39: gracefully shutting down
2024/07/15 09:32:32 [notice] 21#21: gracefully shutting down
2024/07/15 09:32:32 [notice] 20#20: exiting
2024/07/15 09:32:32 [notice] 27#27: exit
2024/07/15 09:32:32 [notice] 24#24: exiting
2024/07/15 09:32:32 [notice] 20#20: exit
2024/07/15 09:32:32 [notice] 32#32: gracefully shutting down
2024/07/15 09:32:32 [notice] 37#37: gracefully shutting down
2024/07/15 09:32:32 [notice] 24#24: exit
2024/07/15 09:32:32 [notice] 32#32: exiting
2024/07/15 09:32:32 [notice] 21#21: exiting
2024/07/15 09:32:32 [notice] 28#28: exiting
2024/07/15 09:32:32 [notice] 38#38: gracefully shutting down
2024/07/15 09:32:32 [notice] 32#32: exit
2024/07/15 09:32:32 [notice] 21#21: exit
2024/07/15 09:32:32 [notice] 33#33: gracefully shutting down
2024/07/15 09:32:32 [notice] 28#28: exit
2024/07/15 09:32:32 [notice] 37#37: exiting
2024/07/15 09:32:32 [notice] 26#26: exiting
2024/07/15 09:32:32 [notice] 31#31: gracefully shutting down
2024/07/15 09:32:32 [notice] 26#26: exit
2024/07/15 09:32:32 [notice] 37#37: exit
2024/07/15 09:32:32 [notice] 23#23: exiting
2024/07/15 09:32:32 [notice] 23#23: exit
2024/07/15 09:32:32 [notice] 39#39: exiting
2024/07/15 09:32:32 [notice] 25#25: exiting
2024/07/15 09:32:32 [notice] 29#29: gracefully shutting down
2024/07/15 09:32:32 [notice] 39#39: exit
2024/07/15 09:32:32 [notice] 34#34: gracefully shutting down
2024/07/15 09:32:32 [notice] 22#22: exiting
2024/07/15 09:32:32 [notice] 35#35: gracefully shutting down
2024/07/15 09:32:32 [notice] 22#22: exit
2024/07/15 09:32:32 [notice] 33#33: exiting
2024/07/15 09:32:32 [notice] 25#25: exit
2024/07/15 09:32:32 [notice] 30#30: exiting
2024/07/15 09:32:32 [notice] 33#33: exit
2024/07/15 09:32:32 [notice] 30#30: exit
2024/07/15 09:32:32 [notice] 35#35: exiting
2024/07/15 09:32:32 [notice] 34#34: exiting
2024/07/15 09:32:32 [notice] 35#35: exit
2024/07/15 09:32:32 [notice] 38#38: exiting
2024/07/15 09:32:32 [notice] 34#34: exit
2024/07/15 09:32:32 [notice] 29#29: exiting
2024/07/15 09:32:32 [notice] 31#31: exiting
2024/07/15 09:32:32 [notice] 38#38: exit
2024/07/15 09:32:32 [notice] 36#36: gracefully shutting down
2024/07/15 09:32:32 [notice] 29#29: exit
2024/07/15 09:32:32 [notice] 31#31: exit
2024/07/15 09:32:32 [notice] 36#36: exiting
2024/07/15 09:32:32 [notice] 36#36: exit
2024/07/15 09:32:32 [notice] 1#1: signal 17 (SIGCHLD) received from 32
2024/07/15 09:32:32 [notice] 1#1: worker process 27 exited with code 0
2024/07/15 09:32:32 [notice] 1#1: worker process 26 exited with code 0
2024/07/15 09:32:32 [notice] 1#1: worker process 30 exited with code 0
2024/07/15 09:32:32 [notice] 1#1: worker process 32 exited with code 0
2024/07/15 09:32:32 [notice] 1#1: signal 29 (SIGIO) received
2024/07/15 09:32:32 [notice] 1#1: signal 17 (SIGCHLD) received from 27
2024/07/15 09:32:32 [notice] 1#1: worker process 29 exited with code 0
2024/07/15 09:32:32 [notice] 1#1: worker process 31 exited with code 0
2024/07/15 09:32:32 [notice] 1#1: signal 29 (SIGIO) received
2024/07/15 09:32:32 [notice] 1#1: signal 17 (SIGCHLD) received from 38
2024/07/15 09:32:32 [notice] 1#1: worker process 38 exited with code 0
2024/07/15 09:32:32 [notice] 1#1: worker process 25 exited with code 0
2024/07/15 09:32:32 [notice] 1#1: signal 29 (SIGIO) received
2024/07/15 09:32:32 [notice] 1#1: signal 17 (SIGCHLD) received from 25
2024/07/15 09:32:32 [notice] 1#1: worker process 23 exited with code 0
2024/07/15 09:32:32 [notice] 1#1: signal 29 (SIGIO) received
2024/07/15 09:32:32 [notice] 1#1: signal 17 (SIGCHLD) received from 33
2024/07/15 09:32:32 [notice] 1#1: worker process 33 exited with code 0
2024/07/15 09:32:32 [notice] 1#1: signal 29 (SIGIO) received
2024/07/15 09:32:32 [notice] 1#1: signal 17 (SIGCHLD) received from 28
2024/07/15 09:32:32 [notice] 1#1: worker process 28 exited with code 0
2024/07/15 09:32:32 [notice] 1#1: signal 29 (SIGIO) received
2024/07/15 09:32:32 [notice] 1#1: signal 17 (SIGCHLD) received from 22
2024/07/15 09:32:32 [notice] 1#1: worker process 22 exited with code 0
2024/07/15 09:32:32 [notice] 1#1: worker process 37 exited with code 0
2024/07/15 09:32:32 [notice] 1#1: worker process 21 exited with code 0
2024/07/15 09:32:32 [notice] 1#1: worker process 24 exited with code 0
2024/07/15 09:32:32 [notice] 1#1: worker process 39 exited with code 0
2024/07/15 09:32:32 [notice] 1#1: signal 29 (SIGIO) received
2024/07/15 09:32:32 [notice] 1#1: signal 17 (SIGCHLD) received from 24
2024/07/15 09:32:32 [notice] 1#1: signal 17 (SIGCHLD) received from 36
2024/07/15 09:32:32 [notice] 1#1: worker process 20 exited with code 0
2024/07/15 09:32:32 [notice] 1#1: worker process 36 exited with code 0
2024/07/15 09:32:32 [notice] 1#1: signal 29 (SIGIO) received
2024/07/15 09:32:32 [notice] 1#1: signal 17 (SIGCHLD) received from 34
2024/07/15 09:32:32 [notice] 1#1: worker process 34 exited with code 0
2024/07/15 09:32:32 [notice] 1#1: worker process 35 exited with code 0
2024/07/15 09:32:32 [notice] 1#1: exit
2024/07/15 09:32:58 [notice] 1#1: using the "epoll" event method
2024/07/15 09:32:58 [notice] 1#1: nginx/1.25.4
2024/07/15 09:32:58 [notice] 1#1: built by gcc 12.2.0 (Debian 12.2.0-14) 
2024/07/15 09:32:58 [notice] 1#1: OS: Linux 5.15.133.1-microsoft-standard-WSL2
2024/07/15 09:32:58 [notice] 1#1: getrlimit(RLIMIT_NOFILE): 1048576:1048576
2024/07/15 09:32:58 [notice] 1#1: start worker processes
2024/07/15 09:32:58 [notice] 1#1: start worker process 20
2024/07/15 09:32:58 [notice] 1#1: start worker process 21
2024/07/15 09:32:58 [notice] 1#1: start worker process 22
2024/07/15 09:32:58 [notice] 1#1: start worker process 23
2024/07/15 09:32:58 [notice] 1#1: start worker process 24
2024/07/15 09:32:58 [notice] 1#1: start worker process 25
2024/07/15 09:32:58 [notice] 1#1: start worker process 26
2024/07/15 09:32:58 [notice] 1#1: start worker process 27
2024/07/15 09:32:58 [notice] 1#1: start worker process 28
2024/07/15 09:32:58 [notice] 1#1: start worker process 29
2024/07/15 09:32:58 [notice] 1#1: start worker process 30
2024/07/15 09:32:58 [notice] 1#1: start worker process 31
2024/07/15 09:32:58 [notice] 1#1: start worker process 32
2024/07/15 09:32:58 [notice] 1#1: start worker process 33
2024/07/15 09:32:58 [notice] 1#1: start worker process 34
2024/07/15 09:32:58 [notice] 1#1: start worker process 35
2024/07/15 09:32:58 [notice] 1#1: start worker process 36
2024/07/15 09:32:58 [notice] 1#1: start worker process 37
2024/07/15 09:32:58 [notice] 1#1: start worker process 38
2024/07/15 09:32:58 [notice] 1#1: start worker process 39
2024/07/16 10:53:03 [notice] 1#1: using the "epoll" event method
2024/07/16 10:53:03 [notice] 1#1: nginx/1.25.4
2024/07/16 10:53:03 [notice] 1#1: built by gcc 12.2.0 (Debian 12.2.0-14) 
2024/07/16 10:53:03 [notice] 1#1: OS: Linux 5.15.133.1-microsoft-standard-WSL2
2024/07/16 10:53:03 [notice] 1#1: getrlimit(RLIMIT_NOFILE): 1048576:1048576
2024/07/16 10:53:03 [notice] 1#1: start worker processes
2024/07/16 10:53:03 [notice] 1#1: start worker process 20
2024/07/16 10:53:03 [notice] 1#1: start worker process 21
2024/07/16 10:53:03 [notice] 1#1: start worker process 22
2024/07/16 10:53:03 [notice] 1#1: start worker process 23
2024/07/16 10:53:03 [notice] 1#1: start worker process 24
2024/07/16 10:53:03 [notice] 1#1: start worker process 25
2024/07/16 10:53:03 [notice] 1#1: start worker process 26
2024/07/16 10:53:03 [notice] 1#1: start worker process 27
2024/07/16 10:53:03 [notice] 1#1: start worker process 28
2024/07/16 10:53:03 [notice] 1#1: start worker process 29
2024/07/16 10:53:03 [notice] 1#1: start worker process 30
2024/07/16 10:53:03 [notice] 1#1: start worker process 31
2024/07/16 10:53:03 [notice] 1#1: start worker process 32
2024/07/16 10:53:03 [notice] 1#1: start worker process 33
2024/07/16 10:53:03 [notice] 1#1: start worker process 34
2024/07/16 10:53:03 [notice] 1#1: start worker process 35
2024/07/16 10:53:03 [notice] 1#1: start worker process 36
2024/07/16 10:53:03 [notice] 1#1: start worker process 37
2024/07/16 10:53:03 [notice] 1#1: start worker process 38
2024/07/16 10:53:03 [notice] 1#1: start worker process 39
2024/07/16 13:33:03 [notice] 1#1: using the "epoll" event method
2024/07/16 13:33:03 [notice] 1#1: nginx/1.25.4
2024/07/16 13:33:03 [notice] 1#1: built by gcc 12.2.0 (Debian 12.2.0-14) 
2024/07/16 13:33:03 [notice] 1#1: OS: Linux 5.15.133.1-microsoft-standard-WSL2
2024/07/16 13:33:03 [notice] 1#1: getrlimit(RLIMIT_NOFILE): 1048576:1048576
2024/07/16 13:33:03 [notice] 1#1: start worker processes
2024/07/16 13:33:03 [notice] 1#1: start worker process 20
2024/07/16 13:33:03 [notice] 1#1: start worker process 21
2024/07/16 13:33:03 [notice] 1#1: start worker process 22
2024/07/16 13:33:03 [notice] 1#1: start worker process 23
2024/07/16 13:33:03 [notice] 1#1: start worker process 24
2024/07/16 13:33:03 [notice] 1#1: start worker process 25
2024/07/16 13:33:03 [notice] 1#1: start worker process 26
2024/07/16 13:33:03 [notice] 1#1: start worker process 27
2024/07/16 13:33:03 [notice] 1#1: start worker process 28
2024/07/16 13:33:03 [notice] 1#1: start worker process 29
2024/07/16 13:33:03 [notice] 1#1: start worker process 30
2024/07/16 13:33:03 [notice] 1#1: start worker process 31
2024/07/16 13:33:03 [notice] 1#1: start worker process 32
2024/07/16 13:33:03 [notice] 1#1: start worker process 33
2024/07/16 13:33:03 [notice] 1#1: start worker process 34
2024/07/16 13:33:03 [notice] 1#1: start worker process 35
2024/07/16 13:33:03 [notice] 1#1: start worker process 36
2024/07/16 13:33:03 [notice] 1#1: start worker process 37
2024/07/16 13:33:03 [notice] 1#1: start worker process 38
2024/07/16 13:33:03 [notice] 1#1: start worker process 39
2024/07/16 14:33:26 [notice] 1#1: signal 3 (SIGQUIT) received, shutting down
2024/07/16 14:33:26 [notice] 24#24: gracefully shutting down
2024/07/16 14:33:26 [notice] 28#28: gracefully shutting down
2024/07/16 14:33:26 [notice] 20#20: gracefully shutting down
2024/07/16 14:33:26 [notice] 27#27: gracefully shutting down
2024/07/16 14:33:26 [notice] 32#32: gracefully shutting down
2024/07/16 14:33:26 [notice] 28#28: exiting
2024/07/16 14:33:26 [notice] 26#26: gracefully shutting down
2024/07/16 14:33:26 [notice] 33#33: gracefully shutting down
2024/07/16 14:33:26 [notice] 32#32: exiting
2024/07/16 14:33:26 [notice] 20#20: exiting
2024/07/16 14:33:26 [notice] 28#28: exit
2024/07/16 14:33:26 [notice] 26#26: exiting
2024/07/16 14:33:26 [notice] 21#21: gracefully shutting down
2024/07/16 14:33:26 [notice] 29#29: gracefully shutting down
2024/07/16 14:33:26 [notice] 33#33: exiting
2024/07/16 14:33:26 [notice] 22#22: gracefully shutting down
2024/07/16 14:33:26 [notice] 33#33: exit
2024/07/16 14:33:26 [notice] 29#29: exiting
2024/07/16 14:33:26 [notice] 20#20: exit
2024/07/16 14:33:26 [notice] 29#29: exit
2024/07/16 14:33:26 [notice] 30#30: gracefully shutting down
2024/07/16 14:33:26 [notice] 21#21: exiting
2024/07/16 14:33:26 [notice] 24#24: exiting
2024/07/16 14:33:26 [notice] 21#21: exit
2024/07/16 14:33:26 [notice] 24#24: exit
2024/07/16 14:33:26 [notice] 26#26: exit
2024/07/16 14:33:26 [notice] 22#22: exiting
2024/07/16 14:33:26 [notice] 22#22: exit
2024/07/16 14:33:26 [notice] 38#38: gracefully shutting down
2024/07/16 14:33:26 [notice] 39#39: gracefully shutting down
2024/07/16 14:33:26 [notice] 32#32: exit
2024/07/16 14:33:26 [notice] 38#38: exiting
2024/07/16 14:33:26 [notice] 38#38: exit
2024/07/16 14:33:26 [notice] 39#39: exiting
2024/07/16 14:33:26 [notice] 35#35: gracefully shutting down
2024/07/16 14:33:26 [notice] 39#39: exit
2024/07/16 14:33:26 [notice] 37#37: gracefully shutting down
2024/07/16 14:33:26 [notice] 34#34: gracefully shutting down
2024/07/16 14:33:26 [notice] 35#35: exiting
2024/07/16 14:33:26 [notice] 27#27: exiting
2024/07/16 14:33:26 [notice] 35#35: exit
2024/07/16 14:33:26 [notice] 27#27: exit
2024/07/16 14:33:26 [notice] 37#37: exiting
2024/07/16 14:33:26 [notice] 37#37: exit
2024/07/16 14:33:26 [notice] 34#34: exiting
2024/07/16 14:33:26 [notice] 30#30: exiting
2024/07/16 14:33:26 [notice] 30#30: exit
2024/07/16 14:33:26 [notice] 34#34: exit
2024/07/16 14:33:26 [notice] 23#23: gracefully shutting down
2024/07/16 14:33:26 [notice] 36#36: gracefully shutting down
2024/07/16 14:33:26 [notice] 25#25: gracefully shutting down
2024/07/16 14:33:26 [notice] 31#31: gracefully shutting down
2024/07/16 14:33:26 [notice] 23#23: exiting
2024/07/16 14:33:26 [notice] 36#36: exiting
2024/07/16 14:33:26 [notice] 36#36: exit
2024/07/16 14:33:26 [notice] 23#23: exit
2024/07/16 14:33:26 [notice] 25#25: exiting
2024/07/16 14:33:26 [notice] 25#25: exit
2024/07/16 14:33:26 [notice] 31#31: exiting
2024/07/16 14:33:26 [notice] 31#31: exit
2024/07/16 14:33:26 [notice] 1#1: signal 17 (SIGCHLD) received from 22
2024/07/16 14:33:26 [notice] 1#1: worker process 22 exited with code 0
2024/07/16 14:33:26 [notice] 1#1: worker process 31 exited with code 0
2024/07/16 14:33:26 [notice] 1#1: worker process 32 exited with code 0
2024/07/16 14:33:26 [notice] 1#1: worker process 37 exited with code 0
2024/07/16 14:33:26 [notice] 1#1: signal 29 (SIGIO) received
2024/07/16 14:33:26 [notice] 1#1: signal 17 (SIGCHLD) received from 37
2024/07/16 14:33:26 [notice] 1#1: signal 17 (SIGCHLD) received from 33
2024/07/16 14:33:26 [notice] 1#1: worker process 24 exited with code 0
2024/07/16 14:33:26 [notice] 1#1: worker process 26 exited with code 0
2024/07/16 14:33:26 [notice] 1#1: worker process 27 exited with code 0
2024/07/16 14:33:26 [notice] 1#1: worker process 30 exited with code 0
2024/07/16 14:33:26 [notice] 1#1: worker process 33 exited with code 0
2024/07/16 14:33:26 [notice] 1#1: signal 29 (SIGIO) received
2024/07/16 14:33:26 [notice] 1#1: signal 17 (SIGCHLD) received from 24
2024/07/16 14:33:26 [notice] 1#1: worker process 34 exited with code 0
2024/07/16 14:33:26 [notice] 1#1: worker process 39 exited with code 0
2024/07/16 14:33:26 [notice] 1#1: signal 29 (SIGIO) received
2024/07/16 14:33:26 [notice] 1#1: signal 17 (SIGCHLD) received from 38
2024/07/16 14:33:26 [notice] 1#1: worker process 38 exited with code 0
2024/07/16 14:33:26 [notice] 1#1: signal 29 (SIGIO) received
2024/07/16 14:33:26 [notice] 1#1: signal 17 (SIGCHLD) received from 20
2024/07/16 14:33:26 [notice] 1#1: worker process 20 exited with code 0
2024/07/16 14:33:26 [notice] 1#1: signal 29 (SIGIO) received
2024/07/16 14:33:26 [notice] 1#1: signal 17 (SIGCHLD) received from 29
2024/07/16 14:33:26 [notice] 1#1: worker process 21 exited with code 0
2024/07/16 14:33:26 [notice] 1#1: worker process 23 exited with code 0
2024/07/16 14:33:26 [notice] 1#1: worker process 25 exited with code 0
2024/07/16 14:33:26 [notice] 1#1: worker process 28 exited with code 0
2024/07/16 14:33:26 [notice] 1#1: worker process 29 exited with code 0
2024/07/16 14:33:26 [notice] 1#1: worker process 35 exited with code 0
2024/07/16 14:33:26 [notice] 1#1: signal 17 (SIGCHLD) received from 23
2024/07/16 14:33:26 [notice] 1#1: worker process 36 exited with code 0
2024/07/16 14:33:26 [notice] 1#1: exit
2024/07/16 14:33:34 [notice] 1#1: using the "epoll" event method
2024/07/16 14:33:34 [notice] 1#1: nginx/1.25.4
2024/07/16 14:33:34 [notice] 1#1: built by gcc 12.2.0 (Debian 12.2.0-14) 
2024/07/16 14:33:34 [notice] 1#1: OS: Linux 5.15.133.1-microsoft-standard-WSL2
2024/07/16 14:33:34 [notice] 1#1: getrlimit(RLIMIT_NOFILE): 1048576:1048576
2024/07/16 14:33:34 [notice] 1#1: start worker processes
2024/07/16 14:33:34 [notice] 1#1: start worker process 20
2024/07/16 14:33:34 [notice] 1#1: start worker process 21
2024/07/16 14:33:34 [notice] 1#1: start worker process 22
2024/07/16 14:33:34 [notice] 1#1: start worker process 23
2024/07/16 14:33:34 [notice] 1#1: start worker process 24
2024/07/16 14:33:34 [notice] 1#1: start worker process 25
2024/07/16 14:33:34 [notice] 1#1: start worker process 26
2024/07/16 14:33:34 [notice] 1#1: start worker process 27
2024/07/16 14:33:34 [notice] 1#1: start worker process 28
2024/07/16 14:33:34 [notice] 1#1: start worker process 29
2024/07/16 14:33:34 [notice] 1#1: start worker process 30
2024/07/16 14:33:34 [notice] 1#1: start worker process 31
2024/07/16 14:33:34 [notice] 1#1: start worker process 32
2024/07/16 14:33:34 [notice] 1#1: start worker process 33
2024/07/16 14:33:34 [notice] 1#1: start worker process 34
2024/07/16 14:33:34 [notice] 1#1: start worker process 35
2024/07/16 14:33:34 [notice] 1#1: start worker process 36
2024/07/16 14:33:34 [notice] 1#1: start worker process 37
2024/07/16 14:33:34 [notice] 1#1: start worker process 38
2024/07/16 14:33:34 [notice] 1#1: start worker process 39
2024/07/16 14:37:33 [notice] 1#1: signal 3 (SIGQUIT) received, shutting down
2024/07/16 14:37:33 [notice] 20#20: gracefully shutting down
2024/07/16 14:37:33 [notice] 21#21: gracefully shutting down
2024/07/16 14:37:33 [notice] 22#22: gracefully shutting down
2024/07/16 14:37:33 [notice] 24#24: gracefully shutting down
2024/07/16 14:37:33 [notice] 20#20: exiting
2024/07/16 14:37:33 [notice] 29#29: gracefully shutting down
2024/07/16 14:37:33 [notice] 32#32: gracefully shutting down
2024/07/16 14:37:33 [notice] 36#36: gracefully shutting down
2024/07/16 14:37:33 [notice] 35#35: gracefully shutting down
2024/07/16 14:37:33 [notice] 23#23: gracefully shutting down
2024/07/16 14:37:33 [notice] 31#31: gracefully shutting down
2024/07/16 14:37:33 [notice] 33#33: gracefully shutting down
2024/07/16 14:37:33 [notice] 36#36: exiting
2024/07/16 14:37:33 [notice] 32#32: exiting
2024/07/16 14:37:33 [notice] 31#31: exiting
2024/07/16 14:37:33 [notice] 23#23: exiting
2024/07/16 14:37:33 [notice] 35#35: exiting
2024/07/16 14:37:33 [notice] 34#34: gracefully shutting down
2024/07/16 14:37:33 [notice] 29#29: exiting
2024/07/16 14:37:33 [notice] 36#36: exit
2024/07/16 14:37:33 [notice] 31#31: exit
2024/07/16 14:37:33 [notice] 35#35: exit
2024/07/16 14:37:33 [notice] 21#21: exiting
2024/07/16 14:37:33 [notice] 32#32: exit
2024/07/16 14:37:33 [notice] 29#29: exit
2024/07/16 14:37:33 [notice] 20#20: exit
2024/07/16 14:37:33 [notice] 21#21: exit
2024/07/16 14:37:33 [notice] 22#22: exiting
2024/07/16 14:37:33 [notice] 22#22: exit
2024/07/16 14:37:33 [notice] 30#30: gracefully shutting down
2024/07/16 14:37:33 [notice] 39#39: gracefully shutting down
2024/07/16 14:37:33 [notice] 37#37: gracefully shutting down
2024/07/16 14:37:33 [notice] 30#30: exiting
2024/07/16 14:37:33 [notice] 23#23: exit
2024/07/16 14:37:33 [notice] 39#39: exiting
2024/07/16 14:37:33 [notice] 38#38: gracefully shutting down
2024/07/16 14:37:33 [notice] 30#30: exit
2024/07/16 14:37:33 [notice] 39#39: exit
2024/07/16 14:37:33 [notice] 37#37: exiting
2024/07/16 14:37:33 [notice] 38#38: exiting
2024/07/16 14:37:33 [notice] 37#37: exit
2024/07/16 14:37:33 [notice] 38#38: exit
2024/07/16 14:37:33 [notice] 28#28: gracefully shutting down
2024/07/16 14:37:33 [notice] 26#26: gracefully shutting down
2024/07/16 14:37:33 [notice] 26#26: exiting
2024/07/16 14:37:33 [notice] 26#26: exit
2024/07/16 14:37:33 [notice] 28#28: exiting
2024/07/16 14:37:33 [notice] 25#25: gracefully shutting down
2024/07/16 14:37:33 [notice] 25#25: exiting
2024/07/16 14:37:33 [notice] 28#28: exit
2024/07/16 14:37:33 [notice] 24#24: exiting
2024/07/16 14:37:33 [notice] 25#25: exit
2024/07/16 14:37:33 [notice] 34#34: exiting
2024/07/16 14:37:33 [notice] 27#27: gracefully shutting down
2024/07/16 14:37:33 [notice] 34#34: exit
2024/07/16 14:37:33 [notice] 24#24: exit
2024/07/16 14:37:33 [notice] 33#33: exiting
2024/07/16 14:37:33 [notice] 27#27: exiting
2024/07/16 14:37:33 [notice] 33#33: exit
2024/07/16 14:37:33 [notice] 27#27: exit
2024/07/16 14:37:33 [notice] 1#1: signal 17 (SIGCHLD) received from 34
2024/07/16 14:37:33 [notice] 1#1: worker process 20 exited with code 0
2024/07/16 14:37:33 [notice] 1#1: worker process 22 exited with code 0
2024/07/16 14:37:33 [notice] 1#1: worker process 24 exited with code 0
2024/07/16 14:37:33 [notice] 1#1: worker process 25 exited with code 0
2024/07/16 14:37:33 [notice] 1#1: worker process 28 exited with code 0
2024/07/16 14:37:33 [notice] 1#1: worker process 29 exited with code 0
2024/07/16 14:37:33 [notice] 1#1: worker process 30 exited with code 0
2024/07/16 14:37:33 [notice] 1#1: worker process 31 exited with code 0
2024/07/16 14:37:33 [notice] 1#1: worker process 34 exited with code 0
2024/07/16 14:37:33 [notice] 1#1: worker process 35 exited with code 0
2024/07/16 14:37:33 [notice] 1#1: worker process 36 exited with code 0
2024/07/16 14:37:33 [notice] 1#1: signal 29 (SIGIO) received
2024/07/16 14:37:33 [notice] 1#1: signal 17 (SIGCHLD) received from 21
2024/07/16 14:37:33 [notice] 1#1: worker process 21 exited with code 0
2024/07/16 14:37:33 [notice] 1#1: signal 29 (SIGIO) received
2024/07/16 14:37:33 [notice] 1#1: signal 17 (SIGCHLD) received from 37
2024/07/16 14:37:33 [notice] 1#1: worker process 37 exited with code 0
2024/07/16 14:37:33 [notice] 1#1: worker process 38 exited with code 0
2024/07/16 14:37:33 [notice] 1#1: worker process 39 exited with code 0
2024/07/16 14:37:33 [notice] 1#1: signal 29 (SIGIO) received
2024/07/16 14:37:33 [notice] 1#1: signal 17 (SIGCHLD) received from 23
2024/07/16 14:37:33 [notice] 1#1: worker process 23 exited with code 0
2024/07/16 14:37:33 [notice] 1#1: signal 29 (SIGIO) received
2024/07/16 14:37:33 [notice] 1#1: signal 17 (SIGCHLD) received from 27
2024/07/16 14:37:33 [notice] 1#1: worker process 26 exited with code 0
2024/07/16 14:37:33 [notice] 1#1: worker process 27 exited with code 0
2024/07/16 14:37:33 [notice] 1#1: signal 29 (SIGIO) received
2024/07/16 14:37:33 [notice] 1#1: signal 17 (SIGCHLD) received from 32
2024/07/16 14:37:33 [notice] 1#1: worker process 32 exited with code 0
2024/07/16 14:37:33 [notice] 1#1: signal 29 (SIGIO) received
2024/07/16 14:37:33 [notice] 1#1: signal 17 (SIGCHLD) received from 33
2024/07/16 14:37:33 [notice] 1#1: worker process 33 exited with code 0
2024/07/16 14:37:33 [notice] 1#1: exit
2024/07/16 14:37:41 [notice] 1#1: using the "epoll" event method
2024/07/16 14:37:41 [notice] 1#1: nginx/1.25.4
2024/07/16 14:37:41 [notice] 1#1: built by gcc 12.2.0 (Debian 12.2.0-14) 
2024/07/16 14:37:41 [notice] 1#1: OS: Linux 5.15.133.1-microsoft-standard-WSL2
2024/07/16 14:37:41 [notice] 1#1: getrlimit(RLIMIT_NOFILE): 1048576:1048576
2024/07/16 14:37:41 [notice] 1#1: start worker processes
2024/07/16 14:37:41 [notice] 1#1: start worker process 20
2024/07/16 14:37:41 [notice] 1#1: start worker process 21
2024/07/16 14:37:41 [notice] 1#1: start worker process 22
2024/07/16 14:37:41 [notice] 1#1: start worker process 23
2024/07/16 14:37:41 [notice] 1#1: start worker process 24
2024/07/16 14:37:41 [notice] 1#1: start worker process 25
2024/07/16 14:37:41 [notice] 1#1: start worker process 26
2024/07/16 14:37:41 [notice] 1#1: start worker process 27
2024/07/16 14:37:41 [notice] 1#1: start worker process 28
2024/07/16 14:37:41 [notice] 1#1: start worker process 29
2024/07/16 14:37:41 [notice] 1#1: start worker process 30
2024/07/16 14:37:41 [notice] 1#1: start worker process 31
2024/07/16 14:37:41 [notice] 1#1: start worker process 32
2024/07/16 14:37:41 [notice] 1#1: start worker process 33
2024/07/16 14:37:41 [notice] 1#1: start worker process 34
2024/07/16 14:37:41 [notice] 1#1: start worker process 35
2024/07/16 14:37:41 [notice] 1#1: start worker process 36
2024/07/16 14:37:41 [notice] 1#1: start worker process 37
2024/07/16 14:37:41 [notice] 1#1: start worker process 38
2024/07/16 14:37:41 [notice] 1#1: start worker process 39
2024/07/16 14:39:54 [notice] 1#1: signal 3 (SIGQUIT) received, shutting down
2024/07/16 14:39:54 [notice] 20#20: gracefully shutting down
2024/07/16 14:39:54 [notice] 22#22: gracefully shutting down
2024/07/16 14:39:54 [notice] 20#20: exiting
2024/07/16 14:39:54 [notice] 22#22: exiting
2024/07/16 14:39:54 [notice] 21#21: gracefully shutting down
2024/07/16 14:39:54 [notice] 23#23: gracefully shutting down
2024/07/16 14:39:54 [notice] 26#26: gracefully shutting down
2024/07/16 14:39:54 [notice] 21#21: exiting
2024/07/16 14:39:54 [notice] 23#23: exiting
2024/07/16 14:39:54 [notice] 20#20: exit
2024/07/16 14:39:54 [notice] 22#22: exit
2024/07/16 14:39:54 [notice] 26#26: exiting
2024/07/16 14:39:54 [notice] 21#21: exit
2024/07/16 14:39:54 [notice] 23#23: exit
2024/07/16 14:39:54 [notice] 26#26: exit
2024/07/16 14:39:54 [notice] 38#38: gracefully shutting down
2024/07/16 14:39:54 [notice] 38#38: exiting
2024/07/16 14:39:54 [notice] 38#38: exit
2024/07/16 14:39:54 [notice] 27#27: gracefully shutting down
2024/07/16 14:39:54 [notice] 30#30: gracefully shutting down
2024/07/16 14:39:54 [notice] 28#28: gracefully shutting down
2024/07/16 14:39:54 [notice] 25#25: gracefully shutting down
2024/07/16 14:39:54 [notice] 29#29: gracefully shutting down
2024/07/16 14:39:54 [notice] 30#30: exiting
2024/07/16 14:39:54 [notice] 27#27: exiting
2024/07/16 14:39:54 [notice] 28#28: exiting
2024/07/16 14:39:54 [notice] 29#29: exiting
2024/07/16 14:39:54 [notice] 25#25: exiting
2024/07/16 14:39:54 [notice] 30#30: exit
2024/07/16 14:39:54 [notice] 27#27: exit
2024/07/16 14:39:54 [notice] 28#28: exit
2024/07/16 14:39:54 [notice] 29#29: exit
2024/07/16 14:39:54 [notice] 25#25: exit
2024/07/16 14:39:54 [notice] 34#34: gracefully shutting down
2024/07/16 14:39:54 [notice] 34#34: exiting
2024/07/16 14:39:54 [notice] 34#34: exit
2024/07/16 14:39:54 [notice] 36#36: gracefully shutting down
2024/07/16 14:39:54 [notice] 37#37: gracefully shutting down
2024/07/16 14:39:54 [notice] 37#37: exiting
2024/07/16 14:39:54 [notice] 36#36: exiting
2024/07/16 14:39:54 [notice] 31#31: gracefully shutting down
2024/07/16 14:39:54 [notice] 32#32: gracefully shutting down
2024/07/16 14:39:54 [notice] 31#31: exiting
2024/07/16 14:39:54 [notice] 32#32: exiting
2024/07/16 14:39:54 [notice] 35#35: gracefully shutting down
2024/07/16 14:39:54 [notice] 37#37: exit
2024/07/16 14:39:54 [notice] 35#35: exiting
2024/07/16 14:39:54 [notice] 31#31: exit
2024/07/16 14:39:54 [notice] 36#36: exit
2024/07/16 14:39:54 [notice] 32#32: exit
2024/07/16 14:39:54 [notice] 35#35: exit
2024/07/16 14:39:54 [notice] 39#39: gracefully shutting down
2024/07/16 14:39:54 [notice] 39#39: exiting
2024/07/16 14:39:54 [notice] 39#39: exit
2024/07/16 14:39:54 [notice] 33#33: gracefully shutting down
2024/07/16 14:39:54 [notice] 24#24: gracefully shutting down
2024/07/16 14:39:54 [notice] 24#24: exiting
2024/07/16 14:39:54 [notice] 24#24: exit
2024/07/16 14:39:54 [notice] 33#33: exiting
2024/07/16 14:39:54 [notice] 33#33: exit
2024/07/16 14:39:54 [notice] 1#1: signal 17 (SIGCHLD) received from 38
2024/07/16 14:39:54 [notice] 1#1: worker process 22 exited with code 0
2024/07/16 14:39:54 [notice] 1#1: worker process 23 exited with code 0
2024/07/16 14:39:54 [notice] 1#1: worker process 28 exited with code 0
2024/07/16 14:39:54 [notice] 1#1: worker process 33 exited with code 0
2024/07/16 14:39:54 [notice] 1#1: worker process 34 exited with code 0
2024/07/16 14:39:54 [notice] 1#1: worker process 26 exited with code 0
2024/07/16 14:39:54 [notice] 1#1: worker process 31 exited with code 0
2024/07/16 14:39:54 [notice] 1#1: worker process 36 exited with code 0
2024/07/16 14:39:54 [notice] 1#1: worker process 37 exited with code 0
2024/07/16 14:39:54 [notice] 1#1: worker process 38 exited with code 0
2024/07/16 14:39:54 [notice] 1#1: signal 29 (SIGIO) received
2024/07/16 14:39:54 [notice] 1#1: signal 17 (SIGCHLD) received from 23
2024/07/16 14:39:54 [notice] 1#1: worker process 20 exited with code 0
2024/07/16 14:39:54 [notice] 1#1: worker process 25 exited with code 0
2024/07/16 14:39:54 [notice] 1#1: worker process 30 exited with code 0
2024/07/16 14:39:54 [notice] 1#1: worker process 39 exited with code 0
2024/07/16 14:39:54 [notice] 1#1: signal 29 (SIGIO) received
2024/07/16 14:39:54 [notice] 1#1: signal 17 (SIGCHLD) received from 25
2024/07/16 14:39:54 [notice] 1#1: worker process 24 exited with code 0
2024/07/16 14:39:54 [notice] 1#1: worker process 27 exited with code 0
2024/07/16 14:39:54 [notice] 1#1: signal 29 (SIGIO) received
2024/07/16 14:39:54 [notice] 1#1: signal 17 (SIGCHLD) received from 29
2024/07/16 14:39:54 [notice] 1#1: worker process 29 exited with code 0
2024/07/16 14:39:54 [notice] 1#1: worker process 32 exited with code 0
2024/07/16 14:39:54 [notice] 1#1: worker process 35 exited with code 0
2024/07/16 14:39:54 [notice] 1#1: signal 17 (SIGCHLD) received from 32
2024/07/16 14:39:54 [notice] 1#1: worker process 21 exited with code 0
2024/07/16 14:39:54 [notice] 1#1: exit
2024/07/16 14:40:18 [notice] 1#1: using the "epoll" event method
2024/07/16 14:40:18 [notice] 1#1: nginx/1.25.4
2024/07/16 14:40:18 [notice] 1#1: built by gcc 12.2.0 (Debian 12.2.0-14) 
2024/07/16 14:40:18 [notice] 1#1: OS: Linux 5.15.133.1-microsoft-standard-WSL2
2024/07/16 14:40:18 [notice] 1#1: getrlimit(RLIMIT_NOFILE): 1048576:1048576
2024/07/16 14:40:18 [notice] 1#1: start worker processes
2024/07/16 14:40:18 [notice] 1#1: start worker process 20
2024/07/16 14:40:18 [notice] 1#1: start worker process 21
2024/07/16 14:40:18 [notice] 1#1: start worker process 22
2024/07/16 14:40:18 [notice] 1#1: start worker process 23
2024/07/16 14:40:18 [notice] 1#1: start worker process 24
2024/07/16 14:40:18 [notice] 1#1: start worker process 25
2024/07/16 14:40:18 [notice] 1#1: start worker process 26
2024/07/16 14:40:18 [notice] 1#1: start worker process 27
2024/07/16 14:40:18 [notice] 1#1: start worker process 28
2024/07/16 14:40:18 [notice] 1#1: start worker process 29
2024/07/16 14:40:18 [notice] 1#1: start worker process 30
2024/07/16 14:40:18 [notice] 1#1: start worker process 31
2024/07/16 14:40:18 [notice] 1#1: start worker process 32
2024/07/16 14:40:18 [notice] 1#1: start worker process 33
2024/07/16 14:40:18 [notice] 1#1: start worker process 34
2024/07/16 14:40:18 [notice] 1#1: start worker process 35
2024/07/16 14:40:18 [notice] 1#1: start worker process 36
2024/07/16 14:40:18 [notice] 1#1: start worker process 37
2024/07/16 14:40:18 [notice] 1#1: start worker process 38
2024/07/16 14:40:18 [notice] 1#1: start worker process 39
2024/07/16 15:04:00 [notice] 1#1: signal 3 (SIGQUIT) received, shutting down
2024/07/16 15:04:00 [notice] 21#21: gracefully shutting down
2024/07/16 15:04:00 [notice] 20#20: gracefully shutting down
2024/07/16 15:04:00 [notice] 27#27: gracefully shutting down
2024/07/16 15:04:00 [notice] 28#28: gracefully shutting down
2024/07/16 15:04:00 [notice] 27#27: exiting
2024/07/16 15:04:00 [notice] 28#28: exiting
2024/07/16 15:04:00 [notice] 27#27: exit
2024/07/16 15:04:00 [notice] 28#28: exit
2024/07/16 15:04:00 [notice] 34#34: gracefully shutting down
2024/07/16 15:04:00 [notice] 36#36: gracefully shutting down
2024/07/16 15:04:00 [notice] 39#39: gracefully shutting down
2024/07/16 15:04:00 [notice] 39#39: exiting
2024/07/16 15:04:00 [notice] 39#39: exit
2024/07/16 15:04:00 [notice] 36#36: exiting
2024/07/16 15:04:00 [notice] 34#34: exiting
2024/07/16 15:04:00 [notice] 34#34: exit
2024/07/16 15:04:00 [notice] 36#36: exit
2024/07/16 15:04:00 [notice] 37#37: gracefully shutting down
2024/07/16 15:04:00 [notice] 38#38: gracefully shutting down
2024/07/16 15:04:00 [notice] 38#38: exiting
2024/07/16 15:04:00 [notice] 26#26: gracefully shutting down
2024/07/16 15:04:00 [notice] 37#37: exiting
2024/07/16 15:04:00 [notice] 38#38: exit
2024/07/16 15:04:00 [notice] 37#37: exit
2024/07/16 15:04:00 [notice] 26#26: exiting
2024/07/16 15:04:00 [notice] 26#26: exit
2024/07/16 15:04:00 [notice] 29#29: gracefully shutting down
2024/07/16 15:04:00 [notice] 29#29: exiting
2024/07/16 15:04:00 [notice] 21#21: exiting
2024/07/16 15:04:00 [notice] 29#29: exit
2024/07/16 15:04:00 [notice] 20#20: exiting
2024/07/16 15:04:00 [notice] 21#21: exit
2024/07/16 15:04:00 [notice] 20#20: exit
2024/07/16 15:04:00 [notice] 35#35: gracefully shutting down
2024/07/16 15:04:00 [notice] 30#30: gracefully shutting down
2024/07/16 15:04:00 [notice] 32#32: gracefully shutting down
2024/07/16 15:04:00 [notice] 35#35: exiting
2024/07/16 15:04:00 [notice] 33#33: gracefully shutting down
2024/07/16 15:04:00 [notice] 30#30: exiting
2024/07/16 15:04:00 [notice] 35#35: exit
2024/07/16 15:04:00 [notice] 30#30: exit
2024/07/16 15:04:00 [notice] 32#32: exiting
2024/07/16 15:04:00 [notice] 32#32: exit
2024/07/16 15:04:00 [notice] 33#33: exiting
2024/07/16 15:04:00 [notice] 33#33: exit
2024/07/16 15:04:00 [notice] 31#31: gracefully shutting down
2024/07/16 15:04:00 [notice] 24#24: gracefully shutting down
2024/07/16 15:04:00 [notice] 23#23: gracefully shutting down
2024/07/16 15:04:00 [notice] 24#24: exiting
2024/07/16 15:04:00 [notice] 24#24: exit
2024/07/16 15:04:00 [notice] 23#23: exiting
2024/07/16 15:04:00 [notice] 31#31: exiting
2024/07/16 15:04:00 [notice] 25#25: gracefully shutting down
2024/07/16 15:04:00 [notice] 25#25: exiting
2024/07/16 15:04:00 [notice] 31#31: exit
2024/07/16 15:04:00 [notice] 25#25: exit
2024/07/16 15:04:00 [notice] 23#23: exit
2024/07/16 15:04:00 [notice] 22#22: gracefully shutting down
2024/07/16 15:04:00 [notice] 22#22: exiting
2024/07/16 15:04:00 [notice] 22#22: exit
2024/07/16 15:04:00 [notice] 1#1: signal 17 (SIGCHLD) received from 28
2024/07/16 15:04:00 [notice] 1#1: worker process 26 exited with code 0
2024/07/16 15:04:00 [notice] 1#1: worker process 28 exited with code 0
2024/07/16 15:04:00 [notice] 1#1: worker process 34 exited with code 0
2024/07/16 15:04:00 [notice] 1#1: worker process 38 exited with code 0
2024/07/16 15:04:00 [notice] 1#1: signal 29 (SIGIO) received
2024/07/16 15:04:00 [notice] 1#1: signal 17 (SIGCHLD) received from 26
2024/07/16 15:04:00 [notice] 1#1: signal 17 (SIGCHLD) received from 36
2024/07/16 15:04:00 [notice] 1#1: worker process 27 exited with code 0
2024/07/16 15:04:00 [notice] 1#1: worker process 36 exited with code 0
2024/07/16 15:04:00 [notice] 1#1: signal 29 (SIGIO) received
2024/07/16 15:04:00 [notice] 1#1: signal 17 (SIGCHLD) received from 25
2024/07/16 15:04:00 [notice] 1#1: worker process 25 exited with code 0
2024/07/16 15:04:00 [notice] 1#1: signal 29 (SIGIO) received
2024/07/16 15:04:00 [notice] 1#1: signal 17 (SIGCHLD) received from 21
2024/07/16 15:04:00 [notice] 1#1: worker process 21 exited with code 0
2024/07/16 15:04:00 [notice] 1#1: signal 29 (SIGIO) received
2024/07/16 15:04:00 [notice] 1#1: signal 17 (SIGCHLD) received from 20
2024/07/16 15:04:00 [notice] 1#1: worker process 20 exited with code 0
2024/07/16 15:04:00 [notice] 1#1: signal 29 (SIGIO) received
2024/07/16 15:04:00 [notice] 1#1: signal 17 (SIGCHLD) received from 31
2024/07/16 15:04:00 [notice] 1#1: worker process 31 exited with code 0
2024/07/16 15:04:00 [notice] 1#1: signal 29 (SIGIO) received
2024/07/16 15:04:00 [notice] 1#1: signal 17 (SIGCHLD) received from 30
2024/07/16 15:04:00 [notice] 1#1: worker process 30 exited with code 0
2024/07/16 15:04:00 [notice] 1#1: signal 29 (SIGIO) received
2024/07/16 15:04:00 [notice] 1#1: signal 17 (SIGCHLD) received from 24
2024/07/16 15:04:00 [notice] 1#1: worker process 23 exited with code 0
2024/07/16 15:04:00 [notice] 1#1: worker process 24 exited with code 0
2024/07/16 15:04:00 [notice] 1#1: worker process 33 exited with code 0
2024/07/16 15:04:00 [notice] 1#1: signal 29 (SIGIO) received
2024/07/16 15:04:00 [notice] 1#1: signal 17 (SIGCHLD) received from 33
2024/07/16 15:04:00 [notice] 1#1: signal 17 (SIGCHLD) received from 29
2024/07/16 15:04:00 [notice] 1#1: worker process 29 exited with code 0
2024/07/16 15:04:00 [notice] 1#1: worker process 32 exited with code 0
2024/07/16 15:04:00 [notice] 1#1: worker process 35 exited with code 0
2024/07/16 15:04:00 [notice] 1#1: signal 29 (SIGIO) received
2024/07/16 15:04:00 [notice] 1#1: signal 17 (SIGCHLD) received from 32
2024/07/16 15:04:00 [notice] 1#1: signal 17 (SIGCHLD) received from 22
2024/07/16 15:04:00 [notice] 1#1: worker process 22 exited with code 0
2024/07/16 15:04:00 [notice] 1#1: signal 29 (SIGIO) received
2024/07/16 15:04:00 [notice] 1#1: signal 17 (SIGCHLD) received from 39
2024/07/16 15:04:00 [notice] 1#1: worker process 37 exited with code 0
2024/07/16 15:04:00 [notice] 1#1: worker process 39 exited with code 0
2024/07/16 15:04:00 [notice] 1#1: exit
2024/07/16 15:04:21 [notice] 1#1: using the "epoll" event method
2024/07/16 15:04:21 [notice] 1#1: nginx/1.25.4
2024/07/16 15:04:21 [notice] 1#1: built by gcc 12.2.0 (Debian 12.2.0-14) 
2024/07/16 15:04:21 [notice] 1#1: OS: Linux 5.15.133.1-microsoft-standard-WSL2
2024/07/16 15:04:21 [notice] 1#1: getrlimit(RLIMIT_NOFILE): 1048576:1048576
2024/07/16 15:04:21 [notice] 1#1: start worker processes
2024/07/16 15:04:21 [notice] 1#1: start worker process 20
2024/07/16 15:04:21 [notice] 1#1: start worker process 21
2024/07/16 15:04:21 [notice] 1#1: start worker process 22
2024/07/16 15:04:21 [notice] 1#1: start worker process 23
2024/07/16 15:04:21 [notice] 1#1: start worker process 24
2024/07/16 15:04:21 [notice] 1#1: start worker process 25
2024/07/16 15:04:21 [notice] 1#1: start worker process 26
2024/07/16 15:04:21 [notice] 1#1: start worker process 27
2024/07/16 15:04:21 [notice] 1#1: start worker process 28
2024/07/16 15:04:21 [notice] 1#1: start worker process 29
2024/07/16 15:04:21 [notice] 1#1: start worker process 30
2024/07/16 15:04:21 [notice] 1#1: start worker process 31
2024/07/16 15:04:21 [notice] 1#1: start worker process 32
2024/07/16 15:04:21 [notice] 1#1: start worker process 33
2024/07/16 15:04:21 [notice] 1#1: start worker process 34
2024/07/16 15:04:21 [notice] 1#1: start worker process 35
2024/07/16 15:04:21 [notice] 1#1: start worker process 36
2024/07/16 15:04:21 [notice] 1#1: start worker process 37
2024/07/16 15:04:21 [notice] 1#1: start worker process 38
2024/07/16 15:04:21 [notice] 1#1: start worker process 39
2024/07/17 10:39:54 [notice] 1#1: signal 3 (SIGQUIT) received, shutting down
2024/07/17 10:39:54 [notice] 23#23: gracefully shutting down
2024/07/17 10:39:54 [notice] 20#20: gracefully shutting down
2024/07/17 10:39:54 [notice] 27#27: gracefully shutting down
2024/07/17 10:39:54 [notice] 24#24: gracefully shutting down
2024/07/17 10:39:54 [notice] 26#26: gracefully shutting down
2024/07/17 10:39:54 [notice] 21#21: gracefully shutting down
2024/07/17 10:39:54 [notice] 28#28: gracefully shutting down
2024/07/17 10:39:54 [notice] 20#20: exiting
2024/07/17 10:39:54 [notice] 25#25: gracefully shutting down
2024/07/17 10:39:54 [notice] 30#30: gracefully shutting down
2024/07/17 10:39:54 [notice] 34#34: gracefully shutting down
2024/07/17 10:39:54 [notice] 37#37: gracefully shutting down
2024/07/17 10:39:54 [notice] 23#23: exiting
2024/07/17 10:39:54 [notice] 21#21: exiting
2024/07/17 10:39:54 [notice] 27#27: exiting
2024/07/17 10:39:54 [notice] 29#29: gracefully shutting down
2024/07/17 10:39:54 [notice] 22#22: gracefully shutting down
2024/07/17 10:39:54 [notice] 28#28: exiting
2024/07/17 10:39:54 [notice] 27#27: exit
2024/07/17 10:39:54 [notice] 23#23: exit
2024/07/17 10:39:54 [notice] 20#20: exit
2024/07/17 10:39:54 [notice] 21#21: exit
2024/07/17 10:39:54 [notice] 24#24: exiting
2024/07/17 10:39:54 [notice] 28#28: exit
2024/07/17 10:39:54 [notice] 25#25: exiting
2024/07/17 10:39:54 [notice] 35#35: gracefully shutting down
2024/07/17 10:39:54 [notice] 24#24: exit
2024/07/17 10:39:54 [notice] 34#34: exiting
2024/07/17 10:39:54 [notice] 25#25: exit
2024/07/17 10:39:54 [notice] 37#37: exiting
2024/07/17 10:39:54 [notice] 30#30: exiting
2024/07/17 10:39:54 [notice] 34#34: exit
2024/07/17 10:39:54 [notice] 37#37: exit
2024/07/17 10:39:54 [notice] 30#30: exit
2024/07/17 10:39:54 [notice] 26#26: exiting
2024/07/17 10:39:54 [notice] 22#22: exiting
2024/07/17 10:39:54 [notice] 26#26: exit
2024/07/17 10:39:54 [notice] 22#22: exit
2024/07/17 10:39:54 [notice] 29#29: exiting
2024/07/17 10:39:54 [notice] 32#32: gracefully shutting down
2024/07/17 10:39:54 [notice] 35#35: exiting
2024/07/17 10:39:54 [notice] 29#29: exit
2024/07/17 10:39:54 [notice] 35#35: exit
2024/07/17 10:39:54 [notice] 32#32: exiting
2024/07/17 10:39:54 [notice] 31#31: gracefully shutting down
2024/07/17 10:39:54 [notice] 32#32: exit
2024/07/17 10:39:54 [notice] 31#31: exiting
2024/07/17 10:39:54 [notice] 38#38: gracefully shutting down
2024/07/17 10:39:54 [notice] 33#33: gracefully shutting down
2024/07/17 10:39:54 [notice] 39#39: gracefully shutting down
2024/07/17 10:39:54 [notice] 31#31: exit
2024/07/17 10:39:54 [notice] 36#36: gracefully shutting down
2024/07/17 10:39:54 [notice] 33#33: exiting
2024/07/17 10:39:54 [notice] 38#38: exiting
2024/07/17 10:39:54 [notice] 33#33: exit
2024/07/17 10:39:54 [notice] 38#38: exit
2024/07/17 10:39:54 [notice] 36#36: exiting
2024/07/17 10:39:54 [notice] 36#36: exit
2024/07/17 10:39:54 [notice] 39#39: exiting
2024/07/17 10:39:54 [notice] 39#39: exit
2024/07/17 10:39:54 [notice] 1#1: signal 17 (SIGCHLD) received from 39
2024/07/17 10:39:54 [notice] 1#1: worker process 24 exited with code 0
2024/07/17 10:39:54 [notice] 1#1: worker process 30 exited with code 0
2024/07/17 10:39:54 [notice] 1#1: worker process 39 exited with code 0
2024/07/17 10:39:54 [notice] 1#1: signal 29 (SIGIO) received
2024/07/17 10:39:54 [notice] 1#1: signal 17 (SIGCHLD) received from 30
2024/07/17 10:39:54 [notice] 1#1: signal 17 (SIGCHLD) received from 28
2024/07/17 10:39:54 [notice] 1#1: worker process 28 exited with code 0
2024/07/17 10:39:54 [notice] 1#1: worker process 34 exited with code 0
2024/07/17 10:39:54 [notice] 1#1: worker process 26 exited with code 0
2024/07/17 10:39:54 [notice] 1#1: worker process 35 exited with code 0
2024/07/17 10:39:54 [notice] 1#1: worker process 22 exited with code 0
2024/07/17 10:39:54 [notice] 1#1: worker process 37 exited with code 0
2024/07/17 10:39:54 [notice] 1#1: worker process 38 exited with code 0
2024/07/17 10:39:54 [notice] 1#1: signal 29 (SIGIO) received
2024/07/17 10:39:54 [notice] 1#1: signal 17 (SIGCHLD) received from 34
2024/07/17 10:39:54 [notice] 1#1: worker process 29 exited with code 0
2024/07/17 10:39:54 [notice] 1#1: worker process 33 exited with code 0
2024/07/17 10:39:54 [notice] 1#1: signal 29 (SIGIO) received
2024/07/17 10:39:54 [notice] 1#1: signal 17 (SIGCHLD) received from 25
2024/07/17 10:39:54 [notice] 1#1: worker process 25 exited with code 0
2024/07/17 10:39:54 [notice] 1#1: signal 29 (SIGIO) received
2024/07/17 10:39:54 [notice] 1#1: signal 17 (SIGCHLD) received from 23
2024/07/17 10:39:54 [notice] 1#1: worker process 23 exited with code 0
2024/07/17 10:39:54 [notice] 1#1: signal 29 (SIGIO) received
2024/07/17 10:39:54 [notice] 1#1: signal 17 (SIGCHLD) received from 31
2024/07/17 10:39:54 [notice] 1#1: worker process 21 exited with code 0
2024/07/17 10:39:54 [notice] 1#1: worker process 20 exited with code 0
2024/07/17 10:39:54 [notice] 1#1: worker process 31 exited with code 0
2024/07/17 10:39:54 [notice] 1#1: worker process 32 exited with code 0
2024/07/17 10:39:54 [notice] 1#1: worker process 36 exited with code 0
2024/07/17 10:39:54 [notice] 1#1: signal 29 (SIGIO) received
2024/07/17 10:39:54 [notice] 1#1: signal 17 (SIGCHLD) received from 20
2024/07/17 10:39:54 [notice] 1#1: signal 17 (SIGCHLD) received from 27
2024/07/17 10:39:54 [notice] 1#1: worker process 27 exited with code 0
2024/07/17 10:39:54 [notice] 1#1: exit
2024/07/17 10:40:30 [notice] 1#1: using the "epoll" event method
2024/07/17 10:40:30 [notice] 1#1: nginx/1.25.4
2024/07/17 10:40:30 [notice] 1#1: built by gcc 12.2.0 (Debian 12.2.0-14) 
2024/07/17 10:40:30 [notice] 1#1: OS: Linux 5.15.133.1-microsoft-standard-WSL2
2024/07/17 10:40:30 [notice] 1#1: getrlimit(RLIMIT_NOFILE): 1048576:1048576
2024/07/17 10:40:30 [notice] 1#1: start worker processes
2024/07/17 10:40:30 [notice] 1#1: start worker process 21
2024/07/17 10:40:30 [notice] 1#1: start worker process 22
2024/07/17 10:40:30 [notice] 1#1: start worker process 23
2024/07/17 10:40:30 [notice] 1#1: start worker process 24
2024/07/17 10:40:30 [notice] 1#1: start worker process 25
2024/07/17 10:40:30 [notice] 1#1: start worker process 26
2024/07/17 10:40:30 [notice] 1#1: start worker process 27
2024/07/17 10:40:30 [notice] 1#1: start worker process 28
2024/07/17 10:40:30 [notice] 1#1: start worker process 29
2024/07/17 10:40:30 [notice] 1#1: start worker process 30
2024/07/17 10:40:30 [notice] 1#1: start worker process 31
2024/07/17 10:40:30 [notice] 1#1: start worker process 32
2024/07/17 10:40:30 [notice] 1#1: start worker process 33
2024/07/17 10:40:30 [notice] 1#1: start worker process 34
2024/07/17 10:40:30 [notice] 1#1: start worker process 35
2024/07/17 10:40:30 [notice] 1#1: start worker process 36
2024/07/17 10:40:30 [notice] 1#1: start worker process 37
2024/07/17 10:40:30 [notice] 1#1: start worker process 38
2024/07/17 10:40:30 [notice] 1#1: start worker process 39
2024/07/17 10:40:30 [notice] 1#1: start worker process 40
2024/07/17 14:35:46 [notice] 1#1: using the "epoll" event method
2024/07/17 14:35:46 [notice] 1#1: nginx/1.25.4
2024/07/17 14:35:46 [notice] 1#1: built by gcc 12.2.0 (Debian 12.2.0-14) 
2024/07/17 14:35:46 [notice] 1#1: OS: Linux 5.15.133.1-microsoft-standard-WSL2
2024/07/17 14:35:46 [notice] 1#1: getrlimit(RLIMIT_NOFILE): 1048576:1048576
2024/07/17 14:35:46 [notice] 1#1: start worker processes
2024/07/17 14:35:46 [notice] 1#1: start worker process 20
2024/07/17 14:35:46 [notice] 1#1: start worker process 21
2024/07/17 14:35:46 [notice] 1#1: start worker process 22
2024/07/17 14:35:46 [notice] 1#1: start worker process 23
2024/07/17 14:35:46 [notice] 1#1: start worker process 24
2024/07/17 14:35:46 [notice] 1#1: start worker process 25
2024/07/17 14:35:46 [notice] 1#1: start worker process 26
2024/07/17 14:35:46 [notice] 1#1: start worker process 27
2024/07/17 14:35:46 [notice] 1#1: start worker process 28
2024/07/17 14:35:46 [notice] 1#1: start worker process 29
2024/07/17 14:35:46 [notice] 1#1: start worker process 30
2024/07/17 14:35:46 [notice] 1#1: start worker process 31
2024/07/17 14:35:46 [notice] 1#1: start worker process 32
2024/07/17 14:35:46 [notice] 1#1: start worker process 33
2024/07/17 14:35:46 [notice] 1#1: start worker process 34
2024/07/17 14:35:46 [notice] 1#1: start worker process 35
2024/07/17 14:35:46 [notice] 1#1: start worker process 36
2024/07/17 14:35:46 [notice] 1#1: start worker process 37
2024/07/17 14:35:46 [notice] 1#1: start worker process 38
2024/07/17 14:35:46 [notice] 1#1: start worker process 39
2024/07/18 08:30:44 [notice] 1#1: using the "epoll" event method
2024/07/18 08:30:44 [notice] 1#1: nginx/1.25.4
2024/07/18 08:30:44 [notice] 1#1: built by gcc 12.2.0 (Debian 12.2.0-14) 
2024/07/18 08:30:44 [notice] 1#1: OS: Linux 5.15.133.1-microsoft-standard-WSL2
2024/07/18 08:30:44 [notice] 1#1: getrlimit(RLIMIT_NOFILE): 1048576:1048576
2024/07/18 08:30:44 [notice] 1#1: start worker processes
2024/07/18 08:30:44 [notice] 1#1: start worker process 20
2024/07/18 08:30:44 [notice] 1#1: start worker process 21
2024/07/18 08:30:44 [notice] 1#1: start worker process 22
2024/07/18 08:30:44 [notice] 1#1: start worker process 23
2024/07/18 08:30:44 [notice] 1#1: start worker process 24
2024/07/18 08:30:44 [notice] 1#1: start worker process 25
2024/07/18 08:30:44 [notice] 1#1: start worker process 26
2024/07/18 08:30:44 [notice] 1#1: start worker process 27
2024/07/18 08:30:44 [notice] 1#1: start worker process 28
2024/07/18 08:30:44 [notice] 1#1: start worker process 29
2024/07/18 08:30:44 [notice] 1#1: start worker process 30
2024/07/18 08:30:44 [notice] 1#1: start worker process 31
2024/07/18 08:30:44 [notice] 1#1: start worker process 32
2024/07/18 08:30:44 [notice] 1#1: start worker process 33
2024/07/18 08:30:44 [notice] 1#1: start worker process 34
2024/07/18 08:30:44 [notice] 1#1: start worker process 35
2024/07/18 08:30:44 [notice] 1#1: start worker process 36
2024/07/18 08:30:44 [notice] 1#1: start worker process 37
2024/07/18 08:30:44 [notice] 1#1: start worker process 38
2024/07/18 08:30:44 [notice] 1#1: start worker process 39
2024/07/18 09:18:05 [notice] 1#1: signal 3 (SIGQUIT) received, shutting down
2024/07/18 09:18:05 [notice] 23#23: gracefully shutting down
2024/07/18 09:18:05 [notice] 22#22: gracefully shutting down
2024/07/18 09:18:05 [notice] 27#27: gracefully shutting down
2024/07/18 09:18:05 [notice] 21#21: gracefully shutting down
2024/07/18 09:18:05 [notice] 24#24: gracefully shutting down
2024/07/18 09:18:05 [notice] 20#20: gracefully shutting down
2024/07/18 09:18:05 [notice] 26#26: gracefully shutting down
2024/07/18 09:18:05 [notice] 28#28: gracefully shutting down
2024/07/18 09:18:05 [notice] 25#25: gracefully shutting down
2024/07/18 09:18:05 [notice] 29#29: gracefully shutting down
2024/07/18 09:18:05 [notice] 31#31: gracefully shutting down
2024/07/18 09:18:05 [notice] 21#21: exiting
2024/07/18 09:18:05 [notice] 27#27: exiting
2024/07/18 09:18:05 [notice] 30#30: gracefully shutting down
2024/07/18 09:18:05 [notice] 29#29: exiting
2024/07/18 09:18:05 [notice] 39#39: gracefully shutting down
2024/07/18 09:18:05 [notice] 25#25: exiting
2024/07/18 09:18:05 [notice] 28#28: exiting
2024/07/18 09:18:05 [notice] 23#23: exiting
2024/07/18 09:18:05 [notice] 21#21: exit
2024/07/18 09:18:05 [notice] 29#29: exit
2024/07/18 09:18:05 [notice] 28#28: exit
2024/07/18 09:18:05 [notice] 23#23: exit
2024/07/18 09:18:05 [notice] 24#24: exiting
2024/07/18 09:18:05 [notice] 25#25: exit
2024/07/18 09:18:05 [notice] 31#31: exiting
2024/07/18 09:18:05 [notice] 39#39: exiting
2024/07/18 09:18:05 [notice] 27#27: exit
2024/07/18 09:18:05 [notice] 24#24: exit
2024/07/18 09:18:05 [notice] 31#31: exit
2024/07/18 09:18:05 [notice] 39#39: exit
2024/07/18 09:18:05 [notice] 32#32: gracefully shutting down
2024/07/18 09:18:05 [notice] 26#26: exiting
2024/07/18 09:18:05 [notice] 32#32: exiting
2024/07/18 09:18:05 [notice] 26#26: exit
2024/07/18 09:18:05 [notice] 32#32: exit
2024/07/18 09:18:05 [notice] 33#33: gracefully shutting down
2024/07/18 09:18:05 [notice] 38#38: gracefully shutting down
2024/07/18 09:18:05 [notice] 37#37: gracefully shutting down
2024/07/18 09:18:05 [notice] 22#22: exiting
2024/07/18 09:18:05 [notice] 35#35: gracefully shutting down
2024/07/18 09:18:05 [notice] 34#34: gracefully shutting down
2024/07/18 09:18:05 [notice] 20#20: exiting
2024/07/18 09:18:05 [notice] 30#30: exiting
2024/07/18 09:18:05 [notice] 22#22: exit
2024/07/18 09:18:05 [notice] 38#38: exiting
2024/07/18 09:18:05 [notice] 20#20: exit
2024/07/18 09:18:05 [notice] 37#37: exiting
2024/07/18 09:18:05 [notice] 34#34: exiting
2024/07/18 09:18:05 [notice] 38#38: exit
2024/07/18 09:18:05 [notice] 37#37: exit
2024/07/18 09:18:05 [notice] 30#30: exit
2024/07/18 09:18:05 [notice] 35#35: exiting
2024/07/18 09:18:05 [notice] 33#33: exiting
2024/07/18 09:18:05 [notice] 34#34: exit
2024/07/18 09:18:05 [notice] 33#33: exit
2024/07/18 09:18:05 [notice] 35#35: exit
2024/07/18 09:18:05 [notice] 36#36: gracefully shutting down
2024/07/18 09:18:05 [notice] 36#36: exiting
2024/07/18 09:18:05 [notice] 36#36: exit
2024/07/18 09:18:05 [notice] 1#1: signal 17 (SIGCHLD) received from 30
2024/07/18 09:18:05 [notice] 1#1: worker process 26 exited with code 0
2024/07/18 09:18:05 [notice] 1#1: worker process 22 exited with code 0
2024/07/18 09:18:05 [notice] 1#1: worker process 27 exited with code 0
2024/07/18 09:18:05 [notice] 1#1: worker process 30 exited with code 0
2024/07/18 09:18:05 [notice] 1#1: worker process 35 exited with code 0
2024/07/18 09:18:05 [notice] 1#1: worker process 37 exited with code 0
2024/07/18 09:18:05 [notice] 1#1: worker process 39 exited with code 0
2024/07/18 09:18:05 [notice] 1#1: signal 29 (SIGIO) received
2024/07/18 09:18:05 [notice] 1#1: signal 17 (SIGCHLD) received from 39
2024/07/18 09:18:05 [notice] 1#1: signal 17 (SIGCHLD) received from 31
2024/07/18 09:18:05 [notice] 1#1: worker process 21 exited with code 0
2024/07/18 09:18:05 [notice] 1#1: worker process 31 exited with code 0
2024/07/18 09:18:05 [notice] 1#1: worker process 36 exited with code 0
2024/07/18 09:18:05 [notice] 1#1: worker process 20 exited with code 0
2024/07/18 09:18:05 [notice] 1#1: worker process 23 exited with code 0
2024/07/18 09:18:05 [notice] 1#1: worker process 25 exited with code 0
2024/07/18 09:18:05 [notice] 1#1: signal 29 (SIGIO) received
2024/07/18 09:18:05 [notice] 1#1: signal 17 (SIGCHLD) received from 23
2024/07/18 09:18:05 [notice] 1#1: signal 17 (SIGCHLD) received from 38
2024/07/18 09:18:05 [notice] 1#1: worker process 24 exited with code 0
2024/07/18 09:18:05 [notice] 1#1: worker process 33 exited with code 0
2024/07/18 09:18:05 [notice] 1#1: worker process 34 exited with code 0
2024/07/18 09:18:05 [notice] 1#1: worker process 38 exited with code 0
2024/07/18 09:18:05 [notice] 1#1: signal 29 (SIGIO) received
2024/07/18 09:18:05 [notice] 1#1: signal 17 (SIGCHLD) received from 34
2024/07/18 09:18:05 [notice] 1#1: worker process 28 exited with code 0
2024/07/18 09:18:05 [notice] 1#1: signal 29 (SIGIO) received
2024/07/18 09:18:05 [notice] 1#1: signal 17 (SIGCHLD) received from 32
2024/07/18 09:18:05 [notice] 1#1: worker process 32 exited with code 0
2024/07/18 09:18:05 [notice] 1#1: signal 17 (SIGCHLD) received from 29
2024/07/18 09:18:05 [notice] 1#1: worker process 29 exited with code 0
2024/07/18 09:18:05 [notice] 1#1: exit
2024/07/18 09:18:11 [notice] 1#1: using the "epoll" event method
2024/07/18 09:18:11 [notice] 1#1: nginx/1.25.4
2024/07/18 09:18:11 [notice] 1#1: built by gcc 12.2.0 (Debian 12.2.0-14) 
2024/07/18 09:18:11 [notice] 1#1: OS: Linux 5.15.133.1-microsoft-standard-WSL2
2024/07/18 09:18:11 [notice] 1#1: getrlimit(RLIMIT_NOFILE): 1048576:1048576
2024/07/18 09:18:11 [notice] 1#1: start worker processes
2024/07/18 09:18:11 [notice] 1#1: start worker process 20
2024/07/18 09:18:11 [notice] 1#1: start worker process 21
2024/07/18 09:18:11 [notice] 1#1: start worker process 22
2024/07/18 09:18:11 [notice] 1#1: start worker process 23
2024/07/18 09:18:11 [notice] 1#1: start worker process 24
2024/07/18 09:18:11 [notice] 1#1: start worker process 25
2024/07/18 09:18:11 [notice] 1#1: start worker process 26
2024/07/18 09:18:11 [notice] 1#1: start worker process 27
2024/07/18 09:18:11 [notice] 1#1: start worker process 28
2024/07/18 09:18:11 [notice] 1#1: start worker process 29
2024/07/18 09:18:11 [notice] 1#1: start worker process 30
2024/07/18 09:18:11 [notice] 1#1: start worker process 31
2024/07/18 09:18:11 [notice] 1#1: start worker process 32
2024/07/18 09:18:11 [notice] 1#1: start worker process 33
2024/07/18 09:18:11 [notice] 1#1: start worker process 34
2024/07/18 09:18:11 [notice] 1#1: start worker process 35
2024/07/18 09:18:11 [notice] 1#1: start worker process 36
2024/07/18 09:18:11 [notice] 1#1: start worker process 37
2024/07/18 09:18:11 [notice] 1#1: start worker process 38
2024/07/18 09:18:11 [notice] 1#1: start worker process 39
2024/07/18 14:17:00 [notice] 1#1: using the "epoll" event method
2024/07/18 14:17:00 [notice] 1#1: nginx/1.25.4
2024/07/18 14:17:00 [notice] 1#1: built by gcc 12.2.0 (Debian 12.2.0-14) 
2024/07/18 14:17:00 [notice] 1#1: OS: Linux 5.15.133.1-microsoft-standard-WSL2
2024/07/18 14:17:00 [notice] 1#1: getrlimit(RLIMIT_NOFILE): 1048576:1048576
2024/07/18 14:17:00 [notice] 1#1: start worker processes
2024/07/18 14:17:00 [notice] 1#1: start worker process 20
2024/07/18 14:17:00 [notice] 1#1: start worker process 21
2024/07/18 14:17:00 [notice] 1#1: start worker process 22
2024/07/18 14:17:00 [notice] 1#1: start worker process 23
2024/07/18 14:17:00 [notice] 1#1: start worker process 24
2024/07/18 14:17:00 [notice] 1#1: start worker process 25
2024/07/18 14:17:00 [notice] 1#1: start worker process 26
2024/07/18 14:17:00 [notice] 1#1: start worker process 27
2024/07/18 14:17:00 [notice] 1#1: start worker process 28
2024/07/18 14:17:00 [notice] 1#1: start worker process 29
2024/07/18 14:17:00 [notice] 1#1: start worker process 30
2024/07/18 14:17:00 [notice] 1#1: start worker process 31
2024/07/18 14:17:00 [notice] 1#1: start worker process 32
2024/07/18 14:17:00 [notice] 1#1: start worker process 33
2024/07/18 14:17:00 [notice] 1#1: start worker process 34
2024/07/18 14:17:00 [notice] 1#1: start worker process 35
2024/07/18 14:17:00 [notice] 1#1: start worker process 36
2024/07/18 14:17:00 [notice] 1#1: start worker process 37
2024/07/18 14:17:00 [notice] 1#1: start worker process 38
2024/07/18 14:17:00 [notice] 1#1: start worker process 39
2024/07/19 09:58:29 [notice] 1#1: using the "epoll" event method
2024/07/19 09:58:29 [notice] 1#1: nginx/1.25.4
2024/07/19 09:58:29 [notice] 1#1: built by gcc 12.2.0 (Debian 12.2.0-14) 
2024/07/19 09:58:29 [notice] 1#1: OS: Linux 5.15.133.1-microsoft-standard-WSL2
2024/07/19 09:58:29 [notice] 1#1: getrlimit(RLIMIT_NOFILE): 1048576:1048576
2024/07/19 09:58:29 [notice] 1#1: start worker processes
2024/07/19 09:58:29 [notice] 1#1: start worker process 20
2024/07/19 09:58:29 [notice] 1#1: start worker process 21
2024/07/19 09:58:29 [notice] 1#1: start worker process 22
2024/07/19 09:58:29 [notice] 1#1: start worker process 23
2024/07/19 09:58:29 [notice] 1#1: start worker process 24
2024/07/19 09:58:29 [notice] 1#1: start worker process 25
2024/07/19 09:58:29 [notice] 1#1: start worker process 26
2024/07/19 09:58:29 [notice] 1#1: start worker process 27
2024/07/19 09:58:29 [notice] 1#1: start worker process 28
2024/07/19 09:58:29 [notice] 1#1: start worker process 29
2024/07/19 09:58:29 [notice] 1#1: start worker process 30
2024/07/19 09:58:29 [notice] 1#1: start worker process 31
2024/07/19 09:58:29 [notice] 1#1: start worker process 32
2024/07/19 09:58:29 [notice] 1#1: start worker process 33
2024/07/19 09:58:29 [notice] 1#1: start worker process 34
2024/07/19 09:58:29 [notice] 1#1: start worker process 35
2024/07/19 09:58:29 [notice] 1#1: start worker process 36
2024/07/19 09:58:29 [notice] 1#1: start worker process 37
2024/07/19 09:58:29 [notice] 1#1: start worker process 38
2024/07/19 09:58:29 [notice] 1#1: start worker process 39
2024/07/19 13:04:29 [notice] 1#1: signal 3 (SIGQUIT) received, shutting down
2024/07/19 13:04:29 [notice] 21#21: gracefully shutting down
2024/07/19 13:04:29 [notice] 22#22: gracefully shutting down
2024/07/19 13:04:29 [notice] 25#25: gracefully shutting down
2024/07/19 13:04:29 [notice] 27#27: gracefully shutting down
2024/07/19 13:04:29 [notice] 24#24: gracefully shutting down
2024/07/19 13:04:29 [notice] 23#23: gracefully shutting down
2024/07/19 13:04:29 [notice] 26#26: gracefully shutting down
2024/07/19 13:04:29 [notice] 20#20: gracefully shutting down
2024/07/19 13:04:29 [notice] 24#24: exiting
2024/07/19 13:04:29 [notice] 22#22: exiting
2024/07/19 13:04:29 [notice] 25#25: exiting
2024/07/19 13:04:29 [notice] 27#27: exiting
2024/07/19 13:04:29 [notice] 21#21: exiting
2024/07/19 13:04:29 [notice] 26#26: exiting
2024/07/19 13:04:29 [notice] 22#22: exit
2024/07/19 13:04:29 [notice] 25#25: exit
2024/07/19 13:04:29 [notice] 27#27: exit
2024/07/19 13:04:29 [notice] 24#24: exit
2024/07/19 13:04:29 [notice] 23#23: exiting
2024/07/19 13:04:29 [notice] 21#21: exit
2024/07/19 13:04:29 [notice] 26#26: exit
2024/07/19 13:04:29 [notice] 28#28: gracefully shutting down
2024/07/19 13:04:29 [notice] 29#29: gracefully shutting down
2024/07/19 13:04:29 [notice] 30#30: gracefully shutting down
2024/07/19 13:04:29 [notice] 23#23: exit
2024/07/19 13:04:29 [notice] 20#20: exiting
2024/07/19 13:04:29 [notice] 30#30: exiting
2024/07/19 13:04:29 [notice] 20#20: exit
2024/07/19 13:04:29 [notice] 29#29: exiting
2024/07/19 13:04:29 [notice] 28#28: exiting
2024/07/19 13:04:29 [notice] 30#30: exit
2024/07/19 13:04:29 [notice] 29#29: exit
2024/07/19 13:04:29 [notice] 31#31: gracefully shutting down
2024/07/19 13:04:29 [notice] 33#33: gracefully shutting down
2024/07/19 13:04:29 [notice] 32#32: gracefully shutting down
2024/07/19 13:04:29 [notice] 28#28: exit
2024/07/19 13:04:29 [notice] 31#31: exiting
2024/07/19 13:04:29 [notice] 32#32: exiting
2024/07/19 13:04:29 [notice] 34#34: gracefully shutting down
2024/07/19 13:04:29 [notice] 31#31: exit
2024/07/19 13:04:29 [notice] 32#32: exit
2024/07/19 13:04:29 [notice] 36#36: gracefully shutting down
2024/07/19 13:04:29 [notice] 35#35: gracefully shutting down
2024/07/19 13:04:29 [notice] 33#33: exiting
2024/07/19 13:04:29 [notice] 34#34: exiting
2024/07/19 13:04:29 [notice] 34#34: exit
2024/07/19 13:04:29 [notice] 37#37: gracefully shutting down
2024/07/19 13:04:29 [notice] 39#39: gracefully shutting down
2024/07/19 13:04:29 [notice] 33#33: exit
2024/07/19 13:04:29 [notice] 37#37: exiting
2024/07/19 13:04:29 [notice] 38#38: gracefully shutting down
2024/07/19 13:04:29 [notice] 39#39: exiting
2024/07/19 13:04:29 [notice] 37#37: exit
2024/07/19 13:04:29 [notice] 39#39: exit
2024/07/19 13:04:29 [notice] 36#36: exiting
2024/07/19 13:04:29 [notice] 36#36: exit
2024/07/19 13:04:29 [notice] 35#35: exiting
2024/07/19 13:04:29 [notice] 35#35: exit
2024/07/19 13:04:29 [notice] 38#38: exiting
2024/07/19 13:04:29 [notice] 38#38: exit
2024/07/19 13:04:29 [notice] 1#1: signal 17 (SIGCHLD) received from 24
2024/07/19 13:04:29 [notice] 1#1: worker process 22 exited with code 0
2024/07/19 13:04:29 [notice] 1#1: worker process 24 exited with code 0
2024/07/19 13:04:29 [notice] 1#1: worker process 27 exited with code 0
2024/07/19 13:04:29 [notice] 1#1: worker process 28 exited with code 0
2024/07/19 13:04:29 [notice] 1#1: worker process 33 exited with code 0
2024/07/19 13:04:29 [notice] 1#1: worker process 35 exited with code 0
2024/07/19 13:04:29 [notice] 1#1: signal 29 (SIGIO) received
2024/07/19 13:04:29 [notice] 1#1: signal 17 (SIGCHLD) received from 22
2024/07/19 13:04:29 [notice] 1#1: signal 17 (SIGCHLD) received from 32
2024/07/19 13:04:29 [notice] 1#1: worker process 20 exited with code 0
2024/07/19 13:04:29 [notice] 1#1: worker process 32 exited with code 0
2024/07/19 13:04:29 [notice] 1#1: signal 29 (SIGIO) received
2024/07/19 13:04:29 [notice] 1#1: signal 17 (SIGCHLD) received from 20
2024/07/19 13:04:29 [notice] 1#1: signal 17 (SIGCHLD) received from 29
2024/07/19 13:04:29 [notice] 1#1: worker process 21 exited with code 0
2024/07/19 13:04:29 [notice] 1#1: worker process 25 exited with code 0
2024/07/19 13:04:29 [notice] 1#1: worker process 29 exited with code 0
2024/07/19 13:04:29 [notice] 1#1: worker process 34 exited with code 0
2024/07/19 13:04:29 [notice] 1#1: worker process 31 exited with code 0
2024/07/19 13:04:29 [notice] 1#1: worker process 37 exited with code 0
2024/07/19 13:04:29 [notice] 1#1: signal 29 (SIGIO) received
2024/07/19 13:04:29 [notice] 1#1: signal 17 (SIGCHLD) received from 31
2024/07/19 13:04:29 [notice] 1#1: signal 17 (SIGCHLD) received from 30
2024/07/19 13:04:29 [notice] 1#1: worker process 26 exited with code 0
2024/07/19 13:04:29 [notice] 1#1: worker process 23 exited with code 0
2024/07/19 13:04:29 [notice] 1#1: worker process 30 exited with code 0
2024/07/19 13:04:29 [notice] 1#1: worker process 38 exited with code 0
2024/07/19 13:04:29 [notice] 1#1: worker process 39 exited with code 0
2024/07/19 13:04:29 [notice] 1#1: signal 17 (SIGCHLD) received from 26
2024/07/19 13:04:29 [notice] 1#1: worker process 36 exited with code 0
2024/07/19 13:04:29 [notice] 1#1: exit
2024/07/19 16:23:25 [notice] 1#1: using the "epoll" event method
2024/07/19 16:23:25 [notice] 1#1: nginx/1.25.4
2024/07/19 16:23:25 [notice] 1#1: built by gcc 12.2.0 (Debian 12.2.0-14) 
2024/07/19 16:23:25 [notice] 1#1: OS: Linux 5.15.133.1-microsoft-standard-WSL2
2024/07/19 16:23:25 [notice] 1#1: getrlimit(RLIMIT_NOFILE): 1048576:1048576
2024/07/19 16:23:25 [notice] 1#1: start worker processes
2024/07/19 16:23:25 [notice] 1#1: start worker process 20
2024/07/19 16:23:25 [notice] 1#1: start worker process 21
2024/07/19 16:23:25 [notice] 1#1: start worker process 22
2024/07/19 16:23:25 [notice] 1#1: start worker process 23
2024/07/19 16:23:25 [notice] 1#1: start worker process 24
2024/07/19 16:23:25 [notice] 1#1: start worker process 25
2024/07/19 16:23:25 [notice] 1#1: start worker process 26
2024/07/19 16:23:25 [notice] 1#1: start worker process 27
2024/07/19 16:23:25 [notice] 1#1: start worker process 28
2024/07/19 16:23:25 [notice] 1#1: start worker process 29
2024/07/19 16:23:25 [notice] 1#1: start worker process 30
2024/07/19 16:23:25 [notice] 1#1: start worker process 31
2024/07/19 16:23:25 [notice] 1#1: start worker process 32
2024/07/19 16:23:25 [notice] 1#1: start worker process 33
2024/07/19 16:23:25 [notice] 1#1: start worker process 34
2024/07/19 16:23:25 [notice] 1#1: start worker process 35
2024/07/19 16:23:25 [notice] 1#1: start worker process 36
2024/07/19 16:23:25 [notice] 1#1: start worker process 37
2024/07/19 16:23:25 [notice] 1#1: start worker process 38
2024/07/19 16:23:25 [notice] 1#1: start worker process 39
2024/07/19 17:52:10 [notice] 1#1: signal 3 (SIGQUIT) received, shutting down
2024/07/19 17:52:10 [notice] 20#20: gracefully shutting down
2024/07/19 17:52:10 [notice] 24#24: gracefully shutting down
2024/07/19 17:52:10 [notice] 22#22: gracefully shutting down
2024/07/19 17:52:10 [notice] 21#21: gracefully shutting down
2024/07/19 17:52:10 [notice] 28#28: gracefully shutting down
2024/07/19 17:52:10 [notice] 26#26: gracefully shutting down
2024/07/19 17:52:10 [notice] 27#27: gracefully shutting down
2024/07/19 17:52:10 [notice] 30#30: gracefully shutting down
2024/07/19 17:52:10 [notice] 31#31: gracefully shutting down
2024/07/19 17:52:10 [notice] 20#20: exiting
2024/07/19 17:52:10 [notice] 24#24: exiting
2024/07/19 17:52:10 [notice] 25#25: gracefully shutting down
2024/07/19 17:52:10 [notice] 34#34: gracefully shutting down
2024/07/19 17:52:10 [notice] 29#29: gracefully shutting down
2024/07/19 17:52:10 [notice] 32#32: gracefully shutting down
2024/07/19 17:52:10 [notice] 35#35: gracefully shutting down
2024/07/19 17:52:10 [notice] 20#20: exit
2024/07/19 17:52:10 [notice] 24#24: exit
2024/07/19 17:52:10 [notice] 23#23: gracefully shutting down
2024/07/19 17:52:10 [notice] 26#26: exiting
2024/07/19 17:52:10 [notice] 28#28: exiting
2024/07/19 17:52:10 [notice] 30#30: exiting
2024/07/19 17:52:10 [notice] 31#31: exiting
2024/07/19 17:52:10 [notice] 26#26: exit
2024/07/19 17:52:10 [notice] 28#28: exit
2024/07/19 17:52:10 [notice] 30#30: exit
2024/07/19 17:52:10 [notice] 34#34: exiting
2024/07/19 17:52:10 [notice] 31#31: exit
2024/07/19 17:52:10 [notice] 21#21: exiting
2024/07/19 17:52:10 [notice] 25#25: exiting
2024/07/19 17:52:10 [notice] 35#35: exiting
2024/07/19 17:52:10 [notice] 23#23: exiting
2024/07/19 17:52:10 [notice] 34#34: exit
2024/07/19 17:52:10 [notice] 27#27: exiting
2024/07/19 17:52:10 [notice] 22#22: exiting
2024/07/19 17:52:10 [notice] 25#25: exit
2024/07/19 17:52:10 [notice] 22#22: exit
2024/07/19 17:52:10 [notice] 35#35: exit
2024/07/19 17:52:10 [notice] 21#21: exit
2024/07/19 17:52:10 [notice] 23#23: exit
2024/07/19 17:52:10 [notice] 27#27: exit
2024/07/19 17:52:10 [notice] 29#29: exiting
2024/07/19 17:52:10 [notice] 32#32: exiting
2024/07/19 17:52:10 [notice] 32#32: exit
2024/07/19 17:52:10 [notice] 29#29: exit
2024/07/19 17:52:10 [notice] 39#39: gracefully shutting down
2024/07/19 17:52:10 [notice] 39#39: exiting
2024/07/19 17:52:10 [notice] 36#36: gracefully shutting down
2024/07/19 17:52:10 [notice] 39#39: exit
2024/07/19 17:52:10 [notice] 33#33: gracefully shutting down
2024/07/19 17:52:10 [notice] 38#38: gracefully shutting down
2024/07/19 17:52:10 [notice] 38#38: exiting
2024/07/19 17:52:10 [notice] 37#37: gracefully shutting down
2024/07/19 17:52:10 [notice] 36#36: exiting
2024/07/19 17:52:10 [notice] 38#38: exit
2024/07/19 17:52:10 [notice] 36#36: exit
2024/07/19 17:52:10 [notice] 33#33: exiting
2024/07/19 17:52:10 [notice] 33#33: exit
2024/07/19 17:52:10 [notice] 37#37: exiting
2024/07/19 17:52:10 [notice] 37#37: exit
2024/07/19 17:52:10 [notice] 1#1: signal 17 (SIGCHLD) received from 22
2024/07/19 17:52:10 [notice] 1#1: worker process 22 exited with code 0
2024/07/19 17:52:10 [notice] 1#1: worker process 25 exited with code 0
2024/07/19 17:52:10 [notice] 1#1: signal 29 (SIGIO) received
2024/07/19 17:52:10 [notice] 1#1: signal 17 (SIGCHLD) received from 32
2024/07/19 17:52:10 [notice] 1#1: worker process 32 exited with code 0
2024/07/19 17:52:10 [notice] 1#1: worker process 35 exited with code 0
2024/07/19 17:52:10 [notice] 1#1: signal 29 (SIGIO) received
2024/07/19 17:52:10 [notice] 1#1: signal 17 (SIGCHLD) received from 24
2024/07/19 17:52:10 [notice] 1#1: worker process 21 exited with code 0
2024/07/19 17:52:10 [notice] 1#1: worker process 24 exited with code 0
2024/07/19 17:52:10 [notice] 1#1: worker process 26 exited with code 0
2024/07/19 17:52:10 [notice] 1#1: worker process 31 exited with code 0
2024/07/19 17:52:10 [notice] 1#1: worker process 37 exited with code 0
2024/07/19 17:52:10 [notice] 1#1: signal 29 (SIGIO) received
2024/07/19 17:52:10 [notice] 1#1: signal 17 (SIGCHLD) received from 28
2024/07/19 17:52:10 [notice] 1#1: worker process 20 exited with code 0
2024/07/19 17:52:10 [notice] 1#1: worker process 27 exited with code 0
2024/07/19 17:52:10 [notice] 1#1: worker process 28 exited with code 0
2024/07/19 17:52:10 [notice] 1#1: worker process 38 exited with code 0
2024/07/19 17:52:10 [notice] 1#1: worker process 39 exited with code 0
2024/07/19 17:52:10 [notice] 1#1: signal 29 (SIGIO) received
2024/07/19 17:52:10 [notice] 1#1: signal 17 (SIGCHLD) received from 36
2024/07/19 17:52:10 [notice] 1#1: worker process 30 exited with code 0
2024/07/19 17:52:10 [notice] 1#1: worker process 29 exited with code 0
2024/07/19 17:52:10 [notice] 1#1: worker process 34 exited with code 0
2024/07/19 17:52:10 [notice] 1#1: worker process 36 exited with code 0
2024/07/19 17:52:10 [notice] 1#1: signal 29 (SIGIO) received
2024/07/19 17:52:10 [notice] 1#1: signal 17 (SIGCHLD) received from 30
2024/07/19 17:52:10 [notice] 1#1: worker process 33 exited with code 0
2024/07/19 17:52:10 [notice] 1#1: signal 29 (SIGIO) received
2024/07/19 17:52:10 [notice] 1#1: signal 17 (SIGCHLD) received from 23
2024/07/19 17:52:10 [notice] 1#1: worker process 23 exited with code 0
2024/07/19 17:52:10 [notice] 1#1: exit
2024/07/19 17:52:17 [notice] 1#1: using the "epoll" event method
2024/07/19 17:52:17 [notice] 1#1: nginx/1.25.4
2024/07/19 17:52:17 [notice] 1#1: built by gcc 12.2.0 (Debian 12.2.0-14) 
2024/07/19 17:52:17 [notice] 1#1: OS: Linux 5.15.133.1-microsoft-standard-WSL2
2024/07/19 17:52:17 [notice] 1#1: getrlimit(RLIMIT_NOFILE): 1048576:1048576
2024/07/19 17:52:17 [notice] 1#1: start worker processes
2024/07/19 17:52:17 [notice] 1#1: start worker process 20
2024/07/19 17:52:17 [notice] 1#1: start worker process 21
2024/07/19 17:52:17 [notice] 1#1: start worker process 22
2024/07/19 17:52:17 [notice] 1#1: start worker process 23
2024/07/19 17:52:17 [notice] 1#1: start worker process 24
2024/07/19 17:52:17 [notice] 1#1: start worker process 25
2024/07/19 17:52:17 [notice] 1#1: start worker process 26
2024/07/19 17:52:17 [notice] 1#1: start worker process 27
2024/07/19 17:52:17 [notice] 1#1: start worker process 28
2024/07/19 17:52:17 [notice] 1#1: start worker process 29
2024/07/19 17:52:17 [notice] 1#1: start worker process 30
2024/07/19 17:52:17 [notice] 1#1: start worker process 31
2024/07/19 17:52:17 [notice] 1#1: start worker process 32
2024/07/19 17:52:17 [notice] 1#1: start worker process 33
2024/07/19 17:52:17 [notice] 1#1: start worker process 34
2024/07/19 17:52:17 [notice] 1#1: start worker process 35
2024/07/19 17:52:17 [notice] 1#1: start worker process 36
2024/07/19 17:52:17 [notice] 1#1: start worker process 37
2024/07/19 17:52:17 [notice] 1#1: start worker process 38
2024/07/19 17:52:17 [notice] 1#1: start worker process 39
2024/07/19 18:00:43 [notice] 1#1: signal 3 (SIGQUIT) received, shutting down
2024/07/19 18:00:43 [notice] 20#20: gracefully shutting down
2024/07/19 18:00:43 [notice] 21#21: gracefully shutting down
2024/07/19 18:00:43 [notice] 22#22: gracefully shutting down
2024/07/19 18:00:43 [notice] 20#20: exiting
2024/07/19 18:00:43 [notice] 23#23: gracefully shutting down
2024/07/19 18:00:43 [notice] 21#21: exiting
2024/07/19 18:00:43 [notice] 22#22: exiting
2024/07/19 18:00:43 [notice] 24#24: gracefully shutting down
2024/07/19 18:00:43 [notice] 20#20: exit
2024/07/19 18:00:43 [notice] 22#22: exit
2024/07/19 18:00:43 [notice] 21#21: exit
2024/07/19 18:00:43 [notice] 26#26: gracefully shutting down
2024/07/19 18:00:43 [notice] 24#24: exiting
2024/07/19 18:00:43 [notice] 23#23: exiting
2024/07/19 18:00:43 [notice] 32#32: gracefully shutting down
2024/07/19 18:00:43 [notice] 31#31: gracefully shutting down
2024/07/19 18:00:43 [notice] 23#23: exit
2024/07/19 18:00:43 [notice] 32#32: exiting
2024/07/19 18:00:43 [notice] 24#24: exit
2024/07/19 18:00:43 [notice] 27#27: gracefully shutting down
2024/07/19 18:00:43 [notice] 33#33: gracefully shutting down
2024/07/19 18:00:43 [notice] 30#30: gracefully shutting down
2024/07/19 18:00:43 [notice] 36#36: gracefully shutting down
2024/07/19 18:00:43 [notice] 32#32: exit
2024/07/19 18:00:43 [notice] 27#27: exiting
2024/07/19 18:00:43 [notice] 30#30: exiting
2024/07/19 18:00:43 [notice] 36#36: exiting
2024/07/19 18:00:43 [notice] 35#35: gracefully shutting down
2024/07/19 18:00:43 [notice] 31#31: exiting
2024/07/19 18:00:43 [notice] 27#27: exit
2024/07/19 18:00:43 [notice] 33#33: exiting
2024/07/19 18:00:43 [notice] 36#36: exit
2024/07/19 18:00:43 [notice] 35#35: exiting
2024/07/19 18:00:43 [notice] 30#30: exit
2024/07/19 18:00:43 [notice] 35#35: exit
2024/07/19 18:00:43 [notice] 33#33: exit
2024/07/19 18:00:43 [notice] 31#31: exit
2024/07/19 18:00:43 [notice] 39#39: gracefully shutting down
2024/07/19 18:00:43 [notice] 26#26: exiting
2024/07/19 18:00:43 [notice] 28#28: gracefully shutting down
2024/07/19 18:00:43 [notice] 37#37: gracefully shutting down
2024/07/19 18:00:43 [notice] 26#26: exit
2024/07/19 18:00:43 [notice] 28#28: exiting
2024/07/19 18:00:43 [notice] 39#39: exiting
2024/07/19 18:00:43 [notice] 37#37: exiting
2024/07/19 18:00:43 [notice] 34#34: gracefully shutting down
2024/07/19 18:00:43 [notice] 38#38: gracefully shutting down
2024/07/19 18:00:43 [notice] 34#34: exiting
2024/07/19 18:00:43 [notice] 28#28: exit
2024/07/19 18:00:43 [notice] 37#37: exit
2024/07/19 18:00:43 [notice] 38#38: exiting
2024/07/19 18:00:43 [notice] 34#34: exit
2024/07/19 18:00:43 [notice] 25#25: gracefully shutting down
2024/07/19 18:00:43 [notice] 29#29: gracefully shutting down
2024/07/19 18:00:43 [notice] 39#39: exit
2024/07/19 18:00:43 [notice] 29#29: exiting
2024/07/19 18:00:43 [notice] 25#25: exiting
2024/07/19 18:00:43 [notice] 29#29: exit
2024/07/19 18:00:43 [notice] 38#38: exit
2024/07/19 18:00:43 [notice] 25#25: exit
2024/07/19 18:00:43 [notice] 1#1: signal 17 (SIGCHLD) received from 33
2024/07/19 18:00:43 [notice] 1#1: worker process 23 exited with code 0
2024/07/19 18:00:43 [notice] 1#1: worker process 33 exited with code 0
2024/07/19 18:00:43 [notice] 1#1: signal 29 (SIGIO) received
2024/07/19 18:00:43 [notice] 1#1: signal 17 (SIGCHLD) received from 23
2024/07/19 18:00:43 [notice] 1#1: signal 17 (SIGCHLD) received from 20
2024/07/19 18:00:43 [notice] 1#1: worker process 20 exited with code 0
2024/07/19 18:00:43 [notice] 1#1: worker process 30 exited with code 0
2024/07/19 18:00:43 [notice] 1#1: signal 29 (SIGIO) received
2024/07/19 18:00:43 [notice] 1#1: signal 17 (SIGCHLD) received from 22
2024/07/19 18:00:43 [notice] 1#1: worker process 21 exited with code 0
2024/07/19 18:00:43 [notice] 1#1: worker process 22 exited with code 0
2024/07/19 18:00:43 [notice] 1#1: worker process 24 exited with code 0
2024/07/19 18:00:43 [notice] 1#1: worker process 25 exited with code 0
2024/07/19 18:00:43 [notice] 1#1: worker process 26 exited with code 0
2024/07/19 18:00:43 [notice] 1#1: worker process 28 exited with code 0
2024/07/19 18:00:43 [notice] 1#1: worker process 29 exited with code 0
2024/07/19 18:00:43 [notice] 1#1: worker process 34 exited with code 0
2024/07/19 18:00:43 [notice] 1#1: worker process 35 exited with code 0
2024/07/19 18:00:43 [notice] 1#1: worker process 36 exited with code 0
2024/07/19 18:00:43 [notice] 1#1: worker process 39 exited with code 0
2024/07/19 18:00:43 [notice] 1#1: signal 29 (SIGIO) received
2024/07/19 18:00:43 [notice] 1#1: signal 17 (SIGCHLD) received from 35
2024/07/19 18:00:43 [notice] 1#1: signal 17 (SIGCHLD) received from 32
2024/07/19 18:00:43 [notice] 1#1: worker process 27 exited with code 0
2024/07/19 18:00:43 [notice] 1#1: worker process 32 exited with code 0
2024/07/19 18:00:43 [notice] 1#1: worker process 37 exited with code 0
2024/07/19 18:00:43 [notice] 1#1: signal 29 (SIGIO) received
2024/07/19 18:00:43 [notice] 1#1: signal 17 (SIGCHLD) received from 31
2024/07/19 18:00:43 [notice] 1#1: worker process 31 exited with code 0
2024/07/19 18:00:43 [notice] 1#1: signal 17 (SIGCHLD) received from 38
2024/07/19 18:00:43 [notice] 1#1: worker process 38 exited with code 0
2024/07/19 18:00:43 [notice] 1#1: exit
2024/07/19 18:00:56 [notice] 1#1: using the "epoll" event method
2024/07/19 18:00:56 [notice] 1#1: nginx/1.25.4
2024/07/19 18:00:56 [notice] 1#1: built by gcc 12.2.0 (Debian 12.2.0-14) 
2024/07/19 18:00:56 [notice] 1#1: OS: Linux 5.15.133.1-microsoft-standard-WSL2
2024/07/19 18:00:56 [notice] 1#1: getrlimit(RLIMIT_NOFILE): 1048576:1048576
2024/07/19 18:00:56 [notice] 1#1: start worker processes
2024/07/19 18:00:56 [notice] 1#1: start worker process 20
2024/07/19 18:00:56 [notice] 1#1: start worker process 21
2024/07/19 18:00:56 [notice] 1#1: start worker process 22
2024/07/19 18:00:56 [notice] 1#1: start worker process 23
2024/07/19 18:00:56 [notice] 1#1: start worker process 24
2024/07/19 18:00:56 [notice] 1#1: start worker process 25
2024/07/19 18:00:56 [notice] 1#1: start worker process 26
2024/07/19 18:00:56 [notice] 1#1: start worker process 27
2024/07/19 18:00:56 [notice] 1#1: start worker process 28
2024/07/19 18:00:56 [notice] 1#1: start worker process 29
2024/07/19 18:00:56 [notice] 1#1: start worker process 30
2024/07/19 18:00:56 [notice] 1#1: start worker process 31
2024/07/19 18:00:56 [notice] 1#1: start worker process 32
2024/07/19 18:00:56 [notice] 1#1: start worker process 33
2024/07/19 18:00:56 [notice] 1#1: start worker process 34
2024/07/19 18:00:56 [notice] 1#1: start worker process 35
2024/07/19 18:00:56 [notice] 1#1: start worker process 36
2024/07/19 18:00:56 [notice] 1#1: start worker process 37
2024/07/19 18:00:56 [notice] 1#1: start worker process 38
2024/07/19 18:00:56 [notice] 1#1: start worker process 39
2024/07/20 11:24:04 [emerg] 1#1: host not found in upstream "laravel-new" in /etc/nginx/conf.d/backend.conf:33
2024/07/20 11:24:14 [emerg] 1#1: host not found in upstream "laravel-new" in /etc/nginx/conf.d/backend.conf:33
2024/07/20 11:24:22 [emerg] 1#1: host not found in upstream "laravel-new" in /etc/nginx/conf.d/backend.conf:33
2024/07/20 11:24:31 [emerg] 1#1: host not found in upstream "laravel-new" in /etc/nginx/conf.d/backend.conf:33
2024/07/20 11:24:40 [emerg] 1#1: host not found in upstream "laravel-new" in /etc/nginx/conf.d/backend.conf:33
2024/07/20 11:24:50 [emerg] 1#1: host not found in upstream "laravel-new" in /etc/nginx/conf.d/backend.conf:33
2024/07/20 11:25:02 [emerg] 1#1: host not found in upstream "laravel-new" in /etc/nginx/conf.d/backend.conf:33
2024/07/20 11:25:16 [emerg] 1#1: host not found in upstream "laravel-new" in /etc/nginx/conf.d/backend.conf:33
2024/07/20 11:25:37 [emerg] 1#1: host not found in upstream "laravel-new" in /etc/nginx/conf.d/backend.conf:33
2024/07/20 11:26:11 [emerg] 1#1: host not found in upstream "laravel-new" in /etc/nginx/conf.d/backend.conf:33
2024/07/20 11:27:11 [emerg] 1#1: host not found in upstream "laravel-new" in /etc/nginx/conf.d/backend.conf:33
2024/07/20 11:27:59 [notice] 1#1: using the "epoll" event method
2024/07/20 11:27:59 [notice] 1#1: nginx/1.25.4
2024/07/20 11:27:59 [notice] 1#1: built by gcc 12.2.0 (Debian 12.2.0-14) 
2024/07/20 11:27:59 [notice] 1#1: OS: Linux 5.15.133.1-microsoft-standard-WSL2
2024/07/20 11:27:59 [notice] 1#1: getrlimit(RLIMIT_NOFILE): 1048576:1048576
2024/07/20 11:27:59 [notice] 1#1: start worker processes
2024/07/20 11:27:59 [notice] 1#1: start worker process 20
2024/07/20 11:27:59 [notice] 1#1: start worker process 21
2024/07/20 11:27:59 [notice] 1#1: start worker process 22
2024/07/20 11:27:59 [notice] 1#1: start worker process 23
2024/07/20 11:27:59 [notice] 1#1: start worker process 24
2024/07/20 11:27:59 [notice] 1#1: start worker process 25
2024/07/20 11:27:59 [notice] 1#1: start worker process 26
2024/07/20 11:27:59 [notice] 1#1: start worker process 27
2024/07/20 11:27:59 [notice] 1#1: start worker process 28
2024/07/20 11:27:59 [notice] 1#1: start worker process 29
2024/07/20 11:27:59 [notice] 1#1: start worker process 30
2024/07/20 11:27:59 [notice] 1#1: start worker process 31
2024/07/20 11:27:59 [notice] 1#1: start worker process 32
2024/07/20 11:27:59 [notice] 1#1: start worker process 33
2024/07/20 11:27:59 [notice] 1#1: start worker process 34
2024/07/20 11:27:59 [notice] 1#1: start worker process 35
2024/07/20 11:27:59 [notice] 1#1: start worker process 36
2024/07/20 11:27:59 [notice] 1#1: start worker process 37
2024/07/20 11:27:59 [notice] 1#1: start worker process 38
2024/07/20 11:27:59 [notice] 1#1: start worker process 39
